[2022-02-21T10:10:58.311Z] Validating found git in: git
[2022-02-21T10:10:58.353Z] Using git 2.25.1 from git
[2022-02-21T10:10:58.415Z] > git rev-parse --git-dir [1ms]
[2022-02-21T10:10:58.419Z] Open repository: /home/abdiweli
[2022-02-21T10:10:58.746Z] > git ls-files --stage -- /home/abdiweli/java script/script.js [2ms]
[2022-02-21T10:10:59.403Z] > git ls-files --stage -- /home/abdiweli/java script/readme.md [1ms]
[2022-02-21T10:10:59.436Z] > git fetch [1010ms]
[2022-02-21T10:11:02.083Z] > git symbolic-ref --short HEAD [2ms]
[2022-02-21T10:11:02.092Z] > git for-each-ref --format=%(refname)%00%(upstream:short)%00%(objectname)%00%(upstream:track) refs/heads/master refs/remotes/master [2ms]
[2022-02-21T10:11:02.108Z] > git for-each-ref --sort -committerdate --format %(refname) %(objectname) %(*objectname) [9ms]
[2022-02-21T10:11:02.108Z] > git remote --verbose [2ms]
[2022-02-21T10:11:02.222Z] > git config --get commit.template [2ms]
[2022-02-21T10:11:03.363Z] > git symbolic-ref --short HEAD [1ms]
[2022-02-21T10:11:03.368Z] > git for-each-ref --format=%(refname)%00%(upstream:short)%00%(objectname)%00%(upstream:track) refs/heads/master refs/remotes/master [1ms]
[2022-02-21T10:11:03.377Z] > git for-each-ref --sort -committerdate --format %(refname) %(objectname) %(*objectname) [5ms]
[2022-02-21T10:11:03.377Z] > git remote --verbose [1ms]
[2022-02-21T10:11:03.449Z] > git config --get commit.template [1ms]
[2022-02-21T10:29:30.451Z] > git fetch [867ms]
[2022-02-21T10:29:30.660Z] > git symbolic-ref --short HEAD [0ms]
[2022-02-21T10:29:30.665Z] > git for-each-ref --format=%(refname)%00%(upstream:short)%00%(objectname)%00%(upstream:track) refs/heads/master refs/remotes/master [0ms]
[2022-02-21T10:29:30.670Z] > git for-each-ref --sort -committerdate --format %(refname) %(objectname) %(*objectname) [3ms]
[2022-02-21T10:29:30.670Z] > git remote --verbose [0ms]
[2022-02-21T10:29:30.751Z] > git config --get commit.template [1ms]
[2022-02-21T10:29:30.762Z] > git ls-files --stage -- /home/abdiweli/java script/readme.md [1ms]
[2022-02-21T10:35:37.720Z] > git fetch [1035ms]
[2022-02-21T10:35:37.894Z] > git ls-files --stage -- /home/abdiweli/java script/readme.md [4ms]
[2022-02-21T10:35:39.342Z] > git symbolic-ref --short HEAD [0ms]
[2022-02-21T10:35:39.347Z] > git for-each-ref --format=%(refname)%00%(upstream:short)%00%(objectname)%00%(upstream:track) refs/heads/master refs/remotes/master [1ms]
[2022-02-21T10:35:39.354Z] > git for-each-ref --sort -committerdate --format %(refname) %(objectname) %(*objectname) [4ms]
[2022-02-21T10:35:39.354Z] > git remote --verbose [1ms]
[2022-02-21T10:35:39.424Z] > git config --get commit.template [1ms]
