[    17.194] (--) Log file renamed from "/home/abdiweli/.local/share/xorg/Xorg.pid-1853.log" to "/home/abdiweli/.local/share/xorg/Xorg.0.log"
[    17.195] 
X.Org X Server 1.20.13
X Protocol Version 11, Revision 0
[    17.195] Build Operating System: linux Ubuntu
[    17.195] Current Operating System: Linux aadan-HP-290-G3-MT-Business-PC 5.13.0-30-generic #33~20.04.1-Ubuntu SMP Mon Feb 7 14:25:10 UTC 2022 x86_64
[    17.195] Kernel command line: BOOT_IMAGE=/boot/vmlinuz-5.13.0-30-generic root=UUID=32acd078-e895-44f6-8882-d3efa6fa7a43 ro quiet splash vt.handoff=7
[    17.195] Build Date: 14 December 2021  02:14:13PM
[    17.195] xorg-server 2:1.20.13-1ubuntu1~20.04.2 (For technical support please see http://www.ubuntu.com/support) 
[    17.195] Current version of pixman: 0.38.4
[    17.195] 	Before reporting problems, check http://wiki.x.org
	to make sure that you have the latest version.
[    17.195] Markers: (--) probed, (**) from config file, (==) default setting,
	(++) from command line, (!!) notice, (II) informational,
	(WW) warning, (EE) error, (NI) not implemented, (??) unknown.
[    17.195] (==) Log file: "/home/abdiweli/.local/share/xorg/Xorg.0.log", Time: Mon Feb 21 13:45:44 2022
[    17.196] (==) Using system config directory "/usr/share/X11/xorg.conf.d"
[    17.198] (==) No Layout section.  Using the first Screen section.
[    17.198] (==) No screen section available. Using defaults.
[    17.198] (**) |-->Screen "Default Screen Section" (0)
[    17.198] (**) |   |-->Monitor "<default monitor>"
[    17.199] (==) No monitor specified for screen "Default Screen Section".
	Using a default monitor configuration.
[    17.199] (==) Automatically adding devices
[    17.199] (==) Automatically enabling devices
[    17.199] (==) Automatically adding GPU devices
[    17.199] (==) Automatically binding GPU devices
[    17.199] (==) Max clients allowed: 256, resource mask: 0x1fffff
[    17.199] (WW) The directory "/usr/share/fonts/X11/cyrillic" does not exist.
[    17.199] 	Entry deleted from font path.
[    17.199] (WW) The directory "/usr/share/fonts/X11/100dpi/" does not exist.
[    17.199] 	Entry deleted from font path.
[    17.199] (WW) The directory "/usr/share/fonts/X11/75dpi/" does not exist.
[    17.199] 	Entry deleted from font path.
[    17.199] (WW) The directory "/usr/share/fonts/X11/100dpi" does not exist.
[    17.199] 	Entry deleted from font path.
[    17.199] (WW) The directory "/usr/share/fonts/X11/75dpi" does not exist.
[    17.199] 	Entry deleted from font path.
[    17.199] (==) FontPath set to:
	/usr/share/fonts/X11/misc,
	/usr/share/fonts/X11/Type1,
	built-ins
[    17.200] (==) ModulePath set to "/usr/lib/xorg/modules"
[    17.200] (II) The server relies on udev to provide the list of input devices.
	If no devices become available, reconfigure udev or disable AutoAddDevices.
[    17.200] (II) Loader magic: 0x5640b2e09020
[    17.200] (II) Module ABI versions:
[    17.200] 	X.Org ANSI C Emulation: 0.4
[    17.200] 	X.Org Video Driver: 24.1
[    17.200] 	X.Org XInput driver : 24.1
[    17.200] 	X.Org Server Extension : 10.0
[    17.201] (++) using VT number 2

[    17.205] (II) systemd-logind: took control of session /org/freedesktop/login1/session/_32
[    17.206] (II) xfree86: Adding drm device (/dev/dri/card0)
[    17.207] (II) systemd-logind: got fd for /dev/dri/card0 226:0 fd 12 paused 0
[    17.212] (--) PCI:*(0@0:2:0) 8086:3e92:103c:86e9 rev 0, Mem @ 0xde000000/16777216, 0xc0000000/268435456, I/O @ 0x0000f000/64, BIOS @ 0x????????/131072
[    17.212] (II) LoadModule: "glx"
[    17.215] (II) Loading /usr/lib/xorg/modules/extensions/libglx.so
[    17.217] (II) Module glx: vendor="X.Org Foundation"
[    17.217] 	compiled for 1.20.13, module version = 1.0.0
[    17.217] 	ABI class: X.Org Server Extension, version 10.0
[    17.217] (==) Matched modesetting as autoconfigured driver 0
[    17.217] (==) Matched fbdev as autoconfigured driver 1
[    17.217] (==) Matched vesa as autoconfigured driver 2
[    17.217] (==) Assigned the driver to the xf86ConfigLayout
[    17.217] (II) LoadModule: "modesetting"
[    17.218] (II) Loading /usr/lib/xorg/modules/drivers/modesetting_drv.so
[    17.218] (II) Module modesetting: vendor="X.Org Foundation"
[    17.218] 	compiled for 1.20.13, module version = 1.20.13
[    17.218] 	Module class: X.Org Video Driver
[    17.218] 	ABI class: X.Org Video Driver, version 24.1
[    17.219] (II) LoadModule: "fbdev"
[    17.219] (II) Loading /usr/lib/xorg/modules/drivers/fbdev_drv.so
[    17.219] (II) Module fbdev: vendor="X.Org Foundation"
[    17.219] 	compiled for 1.20.1, module version = 0.5.0
[    17.219] 	Module class: X.Org Video Driver
[    17.219] 	ABI class: X.Org Video Driver, version 24.0
[    17.219] (II) LoadModule: "vesa"
[    17.219] (II) Loading /usr/lib/xorg/modules/drivers/vesa_drv.so
[    17.220] (II) Module vesa: vendor="X.Org Foundation"
[    17.220] 	compiled for 1.20.4, module version = 2.4.0
[    17.220] 	Module class: X.Org Video Driver
[    17.220] 	ABI class: X.Org Video Driver, version 24.0
[    17.220] (II) modesetting: Driver for Modesetting Kernel Drivers: kms
[    17.220] (II) FBDEV: driver for framebuffer: fbdev
[    17.220] (II) VESA: driver for VESA chipsets: vesa
[    17.220] xf86EnableIOPorts: failed to set IOPL for I/O (Operation not permitted)
[    17.220] (II) modeset(0): using drv /dev/dri/card0
[    17.220] (WW) Falling back to old probe method for fbdev
[    17.220] (II) Loading sub module "fbdevhw"
[    17.220] (II) LoadModule: "fbdevhw"
[    17.220] (II) Loading /usr/lib/xorg/modules/libfbdevhw.so
[    17.221] (II) Module fbdevhw: vendor="X.Org Foundation"
[    17.221] 	compiled for 1.20.13, module version = 0.0.2
[    17.221] 	ABI class: X.Org Video Driver, version 24.1
[    17.221] (EE) open /dev/fb0: Permission denied
[    17.221] (WW) VGA arbiter: cannot open kernel arbiter, no multi-card support
[    17.221] (II) modeset(0): Creating default Display subsection in Screen section
	"Default Screen Section" for depth/fbbpp 24/32
[    17.221] (==) modeset(0): Depth 24, (==) framebuffer bpp 32
[    17.221] (==) modeset(0): RGB weight 888
[    17.221] (==) modeset(0): Default visual is TrueColor
[    17.221] (II) Loading sub module "glamoregl"
[    17.221] (II) LoadModule: "glamoregl"
[    17.221] (II) Loading /usr/lib/xorg/modules/libglamoregl.so
[    17.225] (II) Module glamoregl: vendor="X.Org Foundation"
[    17.225] 	compiled for 1.20.13, module version = 1.0.1
[    17.225] 	ABI class: X.Org ANSI C Emulation, version 0.4
[    17.247] (II) modeset(0): glamor X acceleration enabled on Mesa Intel(R) UHD Graphics 630 (CFL GT2)
[    17.247] (II) modeset(0): glamor initialized
[    17.251] (II) modeset(0): Output HDMI-1 has no monitor section
[    17.256] (II) modeset(0): Output DP-1 has no monitor section
[    17.260] (II) modeset(0): EDID for output HDMI-1
[    17.265] (II) modeset(0): EDID for output DP-1
[    17.265] (II) modeset(0): Manufacturer: HPN  Model: 354c  Serial#: 1
[    17.265] (II) modeset(0): Year: 2020  Week: 42
[    17.265] (II) modeset(0): EDID Version: 1.4
[    17.265] (II) modeset(0): Analog Display Input,  Input Voltage Level: 0.700/0.700 V
[    17.265] (II) modeset(0): Sync:  Separate
[    17.265] (II) modeset(0): Max Image Size [cm]: horiz.: 60  vert.: 34
[    17.265] (II) modeset(0): Gamma: 2.20
[    17.265] (II) modeset(0): DPMS capabilities: Off; RGB/Color Display
[    17.265] (II) modeset(0): First detailed timing is preferred mode
[    17.265] (II) modeset(0): Preferred mode is native pixel format and refresh rate
[    17.265] (II) modeset(0): redX: 0.652 redY: 0.337   greenX: 0.319 greenY: 0.611
[    17.265] (II) modeset(0): blueX: 0.149 blueY: 0.067   whiteX: 0.312 whiteY: 0.328
[    17.266] (II) modeset(0): Supported established timings:
[    17.266] (II) modeset(0): 720x400@70Hz
[    17.266] (II) modeset(0): 640x480@60Hz
[    17.266] (II) modeset(0): 800x600@60Hz
[    17.266] (II) modeset(0): 1024x768@60Hz
[    17.266] (II) modeset(0): Manufacturer's mask: 0
[    17.266] (II) modeset(0): Supported standard timings:
[    17.266] (II) modeset(0): #0: hsize: 1920  vsize 1080  refresh: 60  vid: 49361
[    17.266] (II) modeset(0): #1: hsize: 1600  vsize 900  refresh: 60  vid: 49321
[    17.266] (II) modeset(0): #2: hsize: 1280  vsize 720  refresh: 60  vid: 49281
[    17.266] (II) modeset(0): #3: hsize: 1680  vsize 1050  refresh: 60  vid: 179
[    17.266] (II) modeset(0): #4: hsize: 1440  vsize 900  refresh: 60  vid: 149
[    17.266] (II) modeset(0): #5: hsize: 1280  vsize 800  refresh: 60  vid: 129
[    17.266] (II) modeset(0): #6: hsize: 1280  vsize 1024  refresh: 60  vid: 32897
[    17.266] (II) modeset(0): Supported detailed timing:
[    17.266] (II) modeset(0): clock: 148.5 MHz   Image Size:  598 x 336 mm
[    17.266] (II) modeset(0): h_active: 1920  h_sync: 2008  h_sync_end 2052 h_blank_end 2200 h_border: 0
[    17.266] (II) modeset(0): v_active: 1080  v_sync: 1084  v_sync_end 1089 v_blanking: 1125 v_border: 0
[    17.266] (II) modeset(0): Ranges: V min: 50 V max: 60 Hz, H min: 30 H max: 80 kHz, PixClock max 175 MHz
[    17.266] (II) modeset(0): Monitor name: HP 27f
[    17.266] (II) modeset(0): Serial No: 3CM0420HGL
[    17.266] (II) modeset(0): EDID (in hex):
[    17.266] (II) modeset(0): 	00ffffffffffff00220e4c3501000000
[    17.266] (II) modeset(0): 	2a1e0104683c22782a1e50a756519c26
[    17.266] (II) modeset(0): 	115054a10800d1c0a9c081c0b3009500
[    17.266] (II) modeset(0): 	810081800101023a801871382d40582c
[    17.266] (II) modeset(0): 	450056502100001e000000fd00323c1e
[    17.266] (II) modeset(0): 	5011000a202020202020000000fc0048
[    17.266] (II) modeset(0): 	50203237660a202020202020000000ff
[    17.266] (II) modeset(0): 	0033434d3034323048474c0a20200076
[    17.266] (II) modeset(0): Printing probed modes for output DP-1
[    17.266] (II) modeset(0): Modeline "1920x1080"x60.0  148.50  1920 2008 2052 2200  1080 1084 1089 1125 +hsync +vsync (67.5 kHz eP)
[    17.266] (II) modeset(0): Modeline "1680x1050"x60.0  146.25  1680 1784 1960 2240  1050 1053 1059 1089 -hsync +vsync (65.3 kHz e)
[    17.266] (II) modeset(0): Modeline "1600x900"x60.0  108.00  1600 1624 1704 1800  900 901 904 1000 +hsync +vsync (60.0 kHz e)
[    17.266] (II) modeset(0): Modeline "1280x1024"x60.0  108.00  1280 1328 1440 1688  1024 1025 1028 1066 +hsync +vsync (64.0 kHz e)
[    17.266] (II) modeset(0): Modeline "1440x900"x59.9  106.50  1440 1520 1672 1904  900 903 909 934 -hsync +vsync (55.9 kHz e)
[    17.266] (II) modeset(0): Modeline "1280x800"x59.8   83.50  1280 1352 1480 1680  800 803 809 831 -hsync +vsync (49.7 kHz e)
[    17.266] (II) modeset(0): Modeline "1280x720"x60.0   74.25  1280 1390 1430 1650  720 725 730 750 +hsync +vsync (45.0 kHz e)
[    17.266] (II) modeset(0): Modeline "1024x768"x60.0   65.00  1024 1048 1184 1344  768 771 777 806 -hsync -vsync (48.4 kHz e)
[    17.266] (II) modeset(0): Modeline "800x600"x60.3   40.00  800 840 968 1056  600 601 605 628 +hsync +vsync (37.9 kHz e)
[    17.266] (II) modeset(0): Modeline "640x480"x59.9   25.18  640 656 752 800  480 490 492 525 -hsync -vsync (31.5 kHz e)
[    17.266] (II) modeset(0): Modeline "720x400"x70.1   28.32  720 738 846 900  400 412 414 449 -hsync +vsync (31.5 kHz e)
[    17.266] (II) modeset(0): Output HDMI-1 disconnected
[    17.266] (II) modeset(0): Output DP-1 connected
[    17.266] (II) modeset(0): Using exact sizes for initial modes
[    17.266] (II) modeset(0): Output DP-1 using initial mode 1920x1080 +0+0
[    17.266] (==) modeset(0): Using gamma correction (1.0, 1.0, 1.0)
[    17.266] (==) modeset(0): DPI set to (96, 96)
[    17.266] (II) Loading sub module "fb"
[    17.266] (II) LoadModule: "fb"
[    17.266] (II) Loading /usr/lib/xorg/modules/libfb.so
[    17.267] (II) Module fb: vendor="X.Org Foundation"
[    17.267] 	compiled for 1.20.13, module version = 1.0.0
[    17.267] 	ABI class: X.Org ANSI C Emulation, version 0.4
[    17.267] (II) UnloadModule: "fbdev"
[    17.267] (II) Unloading fbdev
[    17.267] (II) UnloadSubModule: "fbdevhw"
[    17.267] (II) Unloading fbdevhw
[    17.267] (II) UnloadModule: "vesa"
[    17.267] (II) Unloading vesa
[    17.287] (==) modeset(0): Backing store enabled
[    17.287] (==) modeset(0): Silken mouse enabled
[    17.358] (II) modeset(0): Initializing kms color map for depth 24, 8 bpc.
[    17.358] (==) modeset(0): DPMS enabled
[    17.358] (II) modeset(0): [DRI2] Setup complete
[    17.358] (II) modeset(0): [DRI2]   DRI driver: iris
[    17.358] (II) modeset(0): [DRI2]   VDPAU driver: va_gl
[    17.359] (II) Initializing extension Generic Event Extension
[    17.359] (II) Initializing extension SHAPE
[    17.359] (II) Initializing extension MIT-SHM
[    17.359] (II) Initializing extension XInputExtension
[    17.361] (II) Initializing extension XTEST
[    17.361] (II) Initializing extension BIG-REQUESTS
[    17.361] (II) Initializing extension SYNC
[    17.362] (II) Initializing extension XKEYBOARD
[    17.362] (II) Initializing extension XC-MISC
[    17.363] (II) Initializing extension SECURITY
[    17.363] (II) Initializing extension XFIXES
[    17.363] (II) Initializing extension RENDER
[    17.364] (II) Initializing extension RANDR
[    17.364] (II) Initializing extension COMPOSITE
[    17.365] (II) Initializing extension DAMAGE
[    17.365] (II) Initializing extension MIT-SCREEN-SAVER
[    17.365] (II) Initializing extension DOUBLE-BUFFER
[    17.366] (II) Initializing extension RECORD
[    17.366] (II) Initializing extension DPMS
[    17.366] (II) Initializing extension Present
[    17.367] (II) Initializing extension DRI3
[    17.367] (II) Initializing extension X-Resource
[    17.368] (II) Initializing extension XVideo
[    17.368] (II) Initializing extension XVideo-MotionCompensation
[    17.368] (II) Initializing extension SELinux
[    17.368] (II) SELinux: Disabled on system
[    17.368] (II) Initializing extension GLX
[    17.390] (II) AIGLX: Loaded and initialized iris
[    17.390] (II) GLX: Initialized DRI2 GL provider for screen 0
[    17.390] (II) Initializing extension XFree86-VidModeExtension
[    17.390] (II) Initializing extension XFree86-DGA
[    17.390] (II) Initializing extension XFree86-DRI
[    17.390] (II) Initializing extension DRI2
[    17.391] (II) modeset(0): Damage tracking initialized
[    17.391] (II) modeset(0): Setting screen physical size to 508 x 285
[    17.423] (II) config/udev: Adding input device Power Button (/dev/input/event2)
[    17.423] (**) Power Button: Applying InputClass "libinput keyboard catchall"
[    17.423] (II) LoadModule: "libinput"
[    17.423] (II) Loading /usr/lib/xorg/modules/input/libinput_drv.so
[    17.425] (II) Module libinput: vendor="X.Org Foundation"
[    17.425] 	compiled for 1.20.4, module version = 0.29.0
[    17.425] 	Module class: X.Org XInput Driver
[    17.425] 	ABI class: X.Org XInput driver, version 24.1
[    17.425] (II) Using input driver 'libinput' for 'Power Button'
[    17.426] (II) systemd-logind: got fd for /dev/input/event2 13:66 fd 26 paused 0
[    17.426] (**) Power Button: always reports core events
[    17.426] (**) Option "Device" "/dev/input/event2"
[    17.426] (**) Option "_source" "server/udev"
[    17.427] (II) event2  - Power Button: is tagged by udev as: Keyboard
[    17.427] (II) event2  - Power Button: device is a keyboard
[    17.427] (II) event2  - Power Button: device removed
[    17.427] (**) Option "config_info" "udev:/sys/devices/LNXSYSTM:00/LNXPWRBN:00/input/input2/event2"
[    17.427] (II) XINPUT: Adding extended input device "Power Button" (type: KEYBOARD, id 6)
[    17.427] (**) Option "xkb_model" "pc105"
[    17.427] (**) Option "xkb_layout" "us"
[    17.427] (II) event2  - Power Button: is tagged by udev as: Keyboard
[    17.427] (II) event2  - Power Button: device is a keyboard
[    17.428] (II) config/udev: Adding input device Video Bus (/dev/input/event8)
[    17.428] (**) Video Bus: Applying InputClass "libinput keyboard catchall"
[    17.428] (II) Using input driver 'libinput' for 'Video Bus'
[    17.428] (II) systemd-logind: got fd for /dev/input/event8 13:72 fd 29 paused 0
[    17.428] (**) Video Bus: always reports core events
[    17.428] (**) Option "Device" "/dev/input/event8"
[    17.428] (**) Option "_source" "server/udev"
[    17.429] (II) event8  - Video Bus: is tagged by udev as: Keyboard
[    17.429] (II) event8  - Video Bus: device is a keyboard
[    17.429] (II) event8  - Video Bus: device removed
[    17.429] (**) Option "config_info" "udev:/sys/devices/LNXSYSTM:00/LNXSYBUS:00/PNP0A08:00/LNXVIDEO:00/input/input8/event8"
[    17.429] (II) XINPUT: Adding extended input device "Video Bus" (type: KEYBOARD, id 7)
[    17.429] (**) Option "xkb_model" "pc105"
[    17.429] (**) Option "xkb_layout" "us"
[    17.429] (II) event8  - Video Bus: is tagged by udev as: Keyboard
[    17.429] (II) event8  - Video Bus: device is a keyboard
[    17.430] (II) config/udev: Adding input device Power Button (/dev/input/event1)
[    17.430] (**) Power Button: Applying InputClass "libinput keyboard catchall"
[    17.430] (II) Using input driver 'libinput' for 'Power Button'
[    17.430] (II) systemd-logind: got fd for /dev/input/event1 13:65 fd 30 paused 0
[    17.430] (**) Power Button: always reports core events
[    17.430] (**) Option "Device" "/dev/input/event1"
[    17.430] (**) Option "_source" "server/udev"
[    17.431] (II) event1  - Power Button: is tagged by udev as: Keyboard
[    17.431] (II) event1  - Power Button: device is a keyboard
[    17.431] (II) event1  - Power Button: device removed
[    17.431] (**) Option "config_info" "udev:/sys/devices/LNXSYSTM:00/LNXSYBUS:00/PNP0C0C:00/input/input1/event1"
[    17.431] (II) XINPUT: Adding extended input device "Power Button" (type: KEYBOARD, id 8)
[    17.431] (**) Option "xkb_model" "pc105"
[    17.431] (**) Option "xkb_layout" "us"
[    17.431] (II) event1  - Power Button: is tagged by udev as: Keyboard
[    17.431] (II) event1  - Power Button: device is a keyboard
[    17.432] (II) config/udev: Adding input device Sleep Button (/dev/input/event0)
[    17.432] (**) Sleep Button: Applying InputClass "libinput keyboard catchall"
[    17.432] (II) Using input driver 'libinput' for 'Sleep Button'
[    17.432] (II) systemd-logind: got fd for /dev/input/event0 13:64 fd 31 paused 0
[    17.432] (**) Sleep Button: always reports core events
[    17.432] (**) Option "Device" "/dev/input/event0"
[    17.432] (**) Option "_source" "server/udev"
[    17.433] (II) event0  - Sleep Button: is tagged by udev as: Keyboard
[    17.433] (II) event0  - Sleep Button: device is a keyboard
[    17.433] (II) event0  - Sleep Button: device removed
[    17.433] (**) Option "config_info" "udev:/sys/devices/LNXSYSTM:00/LNXSYBUS:00/PNP0C0E:00/input/input0/event0"
[    17.433] (II) XINPUT: Adding extended input device "Sleep Button" (type: KEYBOARD, id 9)
[    17.433] (**) Option "xkb_model" "pc105"
[    17.433] (**) Option "xkb_layout" "us"
[    17.433] (II) event0  - Sleep Button: is tagged by udev as: Keyboard
[    17.433] (II) event0  - Sleep Button: device is a keyboard
[    17.434] (II) config/udev: Adding input device PixArt HP USB Optical Mouse (/dev/input/event6)
[    17.434] (**) PixArt HP USB Optical Mouse: Applying InputClass "libinput pointer catchall"
[    17.434] (II) Using input driver 'libinput' for 'PixArt HP USB Optical Mouse'
[    17.434] (II) systemd-logind: got fd for /dev/input/event6 13:70 fd 32 paused 0
[    17.434] (**) PixArt HP USB Optical Mouse: always reports core events
[    17.434] (**) Option "Device" "/dev/input/event6"
[    17.434] (**) Option "_source" "server/udev"
[    17.435] (II) event6  - PixArt HP USB Optical Mouse: is tagged by udev as: Mouse
[    17.435] (II) event6  - PixArt HP USB Optical Mouse: device is a pointer
[    17.435] (II) event6  - PixArt HP USB Optical Mouse: device removed
[    17.435] (**) Option "config_info" "udev:/sys/devices/pci0000:00/0000:00:14.0/usb1/1-10/1-10:1.0/0003:03F0:134A.0003/input/input6/event6"
[    17.435] (II) XINPUT: Adding extended input device "PixArt HP USB Optical Mouse" (type: MOUSE, id 10)
[    17.436] (**) Option "AccelerationScheme" "none"
[    17.436] (**) PixArt HP USB Optical Mouse: (accel) selected scheme none/0
[    17.436] (**) PixArt HP USB Optical Mouse: (accel) acceleration factor: 2.000
[    17.436] (**) PixArt HP USB Optical Mouse: (accel) acceleration threshold: 4
[    17.436] (II) event6  - PixArt HP USB Optical Mouse: is tagged by udev as: Mouse
[    17.436] (II) event6  - PixArt HP USB Optical Mouse: device is a pointer
[    17.437] (II) config/udev: Adding input device PixArt HP USB Optical Mouse (/dev/input/mouse0)
[    17.437] (II) No input driver specified, ignoring this device.
[    17.437] (II) This device may have been added with another device file.
[    17.437] (II) config/udev: Adding input device SZH usb keyboard (/dev/input/event3)
[    17.437] (**) SZH usb keyboard: Applying InputClass "libinput keyboard catchall"
[    17.437] (II) Using input driver 'libinput' for 'SZH usb keyboard'
[    17.438] (II) systemd-logind: got fd for /dev/input/event3 13:67 fd 33 paused 0
[    17.438] (**) SZH usb keyboard: always reports core events
[    17.438] (**) Option "Device" "/dev/input/event3"
[    17.438] (**) Option "_source" "server/udev"
[    17.439] (II) event3  - SZH usb keyboard: is tagged by udev as: Keyboard
[    17.439] (II) event3  - SZH usb keyboard: device is a keyboard
[    17.439] (II) event3  - SZH usb keyboard: device removed
[    17.439] (**) Option "config_info" "udev:/sys/devices/pci0000:00/0000:00:14.0/usb1/1-8/1-8:1.0/0003:C0F4:04E0.0001/input/input3/event3"
[    17.439] (II) XINPUT: Adding extended input device "SZH usb keyboard" (type: KEYBOARD, id 11)
[    17.439] (**) Option "xkb_model" "pc105"
[    17.439] (**) Option "xkb_layout" "us"
[    17.440] (II) event3  - SZH usb keyboard: is tagged by udev as: Keyboard
[    17.440] (II) event3  - SZH usb keyboard: device is a keyboard
[    17.440] (II) config/udev: Adding input device SZH usb keyboard Consumer Control (/dev/input/event4)
[    17.440] (**) SZH usb keyboard Consumer Control: Applying InputClass "libinput keyboard catchall"
[    17.440] (II) Using input driver 'libinput' for 'SZH usb keyboard Consumer Control'
[    17.441] (II) systemd-logind: got fd for /dev/input/event4 13:68 fd 34 paused 0
[    17.441] (**) SZH usb keyboard Consumer Control: always reports core events
[    17.441] (**) Option "Device" "/dev/input/event4"
[    17.441] (**) Option "_source" "server/udev"
[    17.442] (II) event4  - SZH usb keyboard Consumer Control: is tagged by udev as: Keyboard
[    17.442] (II) event4  - SZH usb keyboard Consumer Control: device is a keyboard
[    17.442] (II) event4  - SZH usb keyboard Consumer Control: device removed
[    17.442] (II) libinput: SZH usb keyboard Consumer Control: needs a virtual subdevice
[    17.442] (**) Option "config_info" "udev:/sys/devices/pci0000:00/0000:00:14.0/usb1/1-8/1-8:1.1/0003:C0F4:04E0.0002/input/input4/event4"
[    17.442] (II) XINPUT: Adding extended input device "SZH usb keyboard Consumer Control" (type: MOUSE, id 12)
[    17.442] (**) Option "AccelerationScheme" "none"
[    17.442] (**) SZH usb keyboard Consumer Control: (accel) selected scheme none/0
[    17.442] (**) SZH usb keyboard Consumer Control: (accel) acceleration factor: 2.000
[    17.442] (**) SZH usb keyboard Consumer Control: (accel) acceleration threshold: 4
[    17.443] (II) event4  - SZH usb keyboard Consumer Control: is tagged by udev as: Keyboard
[    17.443] (II) event4  - SZH usb keyboard Consumer Control: device is a keyboard
[    17.443] (II) config/udev: Adding input device SZH usb keyboard System Control (/dev/input/event5)
[    17.443] (**) SZH usb keyboard System Control: Applying InputClass "libinput keyboard catchall"
[    17.443] (II) Using input driver 'libinput' for 'SZH usb keyboard System Control'
[    17.444] (II) systemd-logind: got fd for /dev/input/event5 13:69 fd 35 paused 0
[    17.444] (**) SZH usb keyboard System Control: always reports core events
[    17.444] (**) Option "Device" "/dev/input/event5"
[    17.444] (**) Option "_source" "server/udev"
[    17.444] (II) event5  - SZH usb keyboard System Control: is tagged by udev as: Keyboard
[    17.444] (II) event5  - SZH usb keyboard System Control: device is a keyboard
[    17.444] (II) event5  - SZH usb keyboard System Control: device removed
[    17.445] (**) Option "config_info" "udev:/sys/devices/pci0000:00/0000:00:14.0/usb1/1-8/1-8:1.1/0003:C0F4:04E0.0002/input/input5/event5"
[    17.445] (II) XINPUT: Adding extended input device "SZH usb keyboard System Control" (type: KEYBOARD, id 13)
[    17.445] (**) Option "xkb_model" "pc105"
[    17.445] (**) Option "xkb_layout" "us"
[    17.445] (II) event5  - SZH usb keyboard System Control: is tagged by udev as: Keyboard
[    17.445] (II) event5  - SZH usb keyboard System Control: device is a keyboard
[    17.446] (II) config/udev: Adding input device HDA Intel PCH Line (/dev/input/event10)
[    17.446] (II) No input driver specified, ignoring this device.
[    17.446] (II) This device may have been added with another device file.
[    17.446] (II) config/udev: Adding input device HDA Intel PCH Line Out (/dev/input/event11)
[    17.446] (II) No input driver specified, ignoring this device.
[    17.446] (II) This device may have been added with another device file.
[    17.446] (II) config/udev: Adding input device HDA Intel PCH Front Headphone (/dev/input/event12)
[    17.446] (II) No input driver specified, ignoring this device.
[    17.446] (II) This device may have been added with another device file.
[    17.447] (II) config/udev: Adding input device HDA Intel PCH HDMI/DP,pcm=3 (/dev/input/event13)
[    17.447] (II) No input driver specified, ignoring this device.
[    17.447] (II) This device may have been added with another device file.
[    17.447] (II) config/udev: Adding input device HDA Intel PCH HDMI/DP,pcm=7 (/dev/input/event14)
[    17.447] (II) No input driver specified, ignoring this device.
[    17.447] (II) This device may have been added with another device file.
[    17.447] (II) config/udev: Adding input device HDA Intel PCH HDMI/DP,pcm=8 (/dev/input/event15)
[    17.447] (II) No input driver specified, ignoring this device.
[    17.447] (II) This device may have been added with another device file.
[    17.447] (II) config/udev: Adding input device HDA Intel PCH HDMI/DP,pcm=9 (/dev/input/event16)
[    17.447] (II) No input driver specified, ignoring this device.
[    17.447] (II) This device may have been added with another device file.
[    17.447] (II) config/udev: Adding input device HDA Intel PCH HDMI/DP,pcm=10 (/dev/input/event17)
[    17.447] (II) No input driver specified, ignoring this device.
[    17.447] (II) This device may have been added with another device file.
[    17.448] (II) config/udev: Adding input device HDA Intel PCH Headset Mic (/dev/input/event9)
[    17.448] (II) No input driver specified, ignoring this device.
[    17.448] (II) This device may have been added with another device file.
[    17.449] (II) config/udev: Adding input device HP WMI hotkeys (/dev/input/event7)
[    17.449] (**) HP WMI hotkeys: Applying InputClass "libinput keyboard catchall"
[    17.449] (II) Using input driver 'libinput' for 'HP WMI hotkeys'
[    17.449] (II) systemd-logind: got fd for /dev/input/event7 13:71 fd 36 paused 0
[    17.450] (**) HP WMI hotkeys: always reports core events
[    17.450] (**) Option "Device" "/dev/input/event7"
[    17.450] (**) Option "_source" "server/udev"
[    17.450] (II) event7  - HP WMI hotkeys: is tagged by udev as: Keyboard Switch
[    17.450] (II) event7  - HP WMI hotkeys: device is a keyboard
[    17.450] (II) event7  - HP WMI hotkeys: device removed
[    17.450] (**) Option "config_info" "udev:/sys/devices/virtual/input/input7/event7"
[    17.450] (II) XINPUT: Adding extended input device "HP WMI hotkeys" (type: KEYBOARD, id 14)
[    17.450] (**) Option "xkb_model" "pc105"
[    17.450] (**) Option "xkb_layout" "us"
[    17.450] (II) event7  - HP WMI hotkeys: is tagged by udev as: Keyboard Switch
[    17.450] (II) event7  - HP WMI hotkeys: device is a keyboard
[    17.458] (**) SZH usb keyboard Consumer Control: Applying InputClass "libinput keyboard catchall"
[    17.458] (II) Using input driver 'libinput' for 'SZH usb keyboard Consumer Control'
[    17.458] (II) systemd-logind: returning pre-existing fd for /dev/input/event4 13:68
[    17.458] (**) SZH usb keyboard Consumer Control: always reports core events
[    17.458] (**) Option "Device" "/dev/input/event4"
[    17.458] (**) Option "_source" "_driver/libinput"
[    17.458] (II) libinput: SZH usb keyboard Consumer Control: is a virtual subdevice
[    17.458] (**) Option "config_info" "udev:/sys/devices/pci0000:00/0000:00:14.0/usb1/1-8/1-8:1.1/0003:C0F4:04E0.0002/input/input4/event4"
[    17.458] (II) XINPUT: Adding extended input device "SZH usb keyboard Consumer Control" (type: KEYBOARD, id 15)
[    17.458] (**) Option "xkb_model" "pc105"
[    17.458] (**) Option "xkb_layout" "us"
[    17.872] (II) modeset(0): EDID vendor "HPN", prod id 13644
[    17.872] (II) modeset(0): Using EDID range info for horizontal sync
[    17.872] (II) modeset(0): Using EDID range info for vertical refresh
[    17.872] (II) modeset(0): Printing DDC gathered Modelines:
[    17.872] (II) modeset(0): Modeline "1920x1080"x0.0  148.50  1920 2008 2052 2200  1080 1084 1089 1125 +hsync +vsync (67.5 kHz eP)
[    17.872] (II) modeset(0): Modeline "800x600"x0.0   40.00  800 840 968 1056  600 601 605 628 +hsync +vsync (37.9 kHz e)
[    17.872] (II) modeset(0): Modeline "640x480"x0.0   25.18  640 656 752 800  480 490 492 525 -hsync -vsync (31.5 kHz e)
[    17.872] (II) modeset(0): Modeline "720x400"x0.0   28.32  720 738 846 900  400 412 414 449 -hsync +vsync (31.5 kHz e)
[    17.872] (II) modeset(0): Modeline "1024x768"x0.0   65.00  1024 1048 1184 1344  768 771 777 806 -hsync -vsync (48.4 kHz e)
[    17.872] (II) modeset(0): Modeline "1600x900"x60.0  119.00  1600 1696 1864 2128  900 901 904 932 -hsync +vsync (55.9 kHz e)
[    17.872] (II) modeset(0): Modeline "1280x720"x60.0   74.48  1280 1336 1472 1664  720 721 724 746 -hsync +vsync (44.8 kHz e)
[    17.872] (II) modeset(0): Modeline "1680x1050"x0.0  146.25  1680 1784 1960 2240  1050 1053 1059 1089 -hsync +vsync (65.3 kHz e)
[    17.872] (II) modeset(0): Modeline "1440x900"x0.0  106.50  1440 1520 1672 1904  900 903 909 934 -hsync +vsync (55.9 kHz e)
[    17.872] (II) modeset(0): Modeline "1280x800"x0.0   83.50  1280 1352 1480 1680  800 803 809 831 -hsync +vsync (49.7 kHz e)
[    17.872] (II) modeset(0): Modeline "1280x1024"x0.0  108.00  1280 1328 1440 1688  1024 1025 1028 1066 +hsync +vsync (64.0 kHz e)
[    18.684] (II) modeset(0): EDID vendor "HPN", prod id 13644
[    18.684] (II) modeset(0): Using hsync ranges from config file
[    18.684] (II) modeset(0): Using vrefresh ranges from config file
[    18.684] (II) modeset(0): Printing DDC gathered Modelines:
[    18.684] (II) modeset(0): Modeline "1920x1080"x0.0  148.50  1920 2008 2052 2200  1080 1084 1089 1125 +hsync +vsync (67.5 kHz eP)
[    18.684] (II) modeset(0): Modeline "800x600"x0.0   40.00  800 840 968 1056  600 601 605 628 +hsync +vsync (37.9 kHz e)
[    18.684] (II) modeset(0): Modeline "640x480"x0.0   25.18  640 656 752 800  480 490 492 525 -hsync -vsync (31.5 kHz e)
[    18.684] (II) modeset(0): Modeline "720x400"x0.0   28.32  720 738 846 900  400 412 414 449 -hsync +vsync (31.5 kHz e)
[    18.684] (II) modeset(0): Modeline "1024x768"x0.0   65.00  1024 1048 1184 1344  768 771 777 806 -hsync -vsync (48.4 kHz e)
[    18.684] (II) modeset(0): Modeline "1600x900"x60.0  119.00  1600 1696 1864 2128  900 901 904 932 -hsync +vsync (55.9 kHz e)
[    18.684] (II) modeset(0): Modeline "1280x720"x60.0   74.48  1280 1336 1472 1664  720 721 724 746 -hsync +vsync (44.8 kHz e)
[    18.684] (II) modeset(0): Modeline "1680x1050"x0.0  146.25  1680 1784 1960 2240  1050 1053 1059 1089 -hsync +vsync (65.3 kHz e)
[    18.684] (II) modeset(0): Modeline "1440x900"x0.0  106.50  1440 1520 1672 1904  900 903 909 934 -hsync +vsync (55.9 kHz e)
[    18.684] (II) modeset(0): Modeline "1280x800"x0.0   83.50  1280 1352 1480 1680  800 803 809 831 -hsync +vsync (49.7 kHz e)
[    18.684] (II) modeset(0): Modeline "1280x1024"x0.0  108.00  1280 1328 1440 1688  1024 1025 1028 1066 +hsync +vsync (64.0 kHz e)
