[247055.143] _XSERVTransSocketUNIXCreateListener: ...SocketCreateListener() failed
[247055.143] _XSERVTransMakeAllCOTSServerListeners: server already running
[247055.143] _XSERVTransSocketUNIXCreateListener: ...SocketCreateListener() failed
[247055.143] _XSERVTransMakeAllCOTSServerListeners: server already running
[247055.143] (--) Log file renamed from "/home/abdiweli/.local/share/xorg/Xorg.pid-115754.log" to "/home/abdiweli/.local/share/xorg/Xorg.2.log"
[247055.144] 
X.Org X Server 1.20.13
X Protocol Version 11, Revision 0
[247055.144] Build Operating System: linux Ubuntu
[247055.144] Current Operating System: Linux aadan-HP-290-G3-MT-Business-PC 5.13.0-28-generic #31~20.04.1-Ubuntu SMP Wed Jan 19 14:08:10 UTC 2022 x86_64
[247055.144] Kernel command line: BOOT_IMAGE=/boot/vmlinuz-5.13.0-28-generic root=UUID=32acd078-e895-44f6-8882-d3efa6fa7a43 ro quiet splash vt.handoff=7
[247055.144] Build Date: 14 December 2021  02:14:13PM
[247055.144] xorg-server 2:1.20.13-1ubuntu1~20.04.2 (For technical support please see http://www.ubuntu.com/support) 
[247055.144] Current version of pixman: 0.38.4
[247055.144] 	Before reporting problems, check http://wiki.x.org
	to make sure that you have the latest version.
[247055.144] Markers: (--) probed, (**) from config file, (==) default setting,
	(++) from command line, (!!) notice, (II) informational,
	(WW) warning, (EE) error, (NI) not implemented, (??) unknown.
[247055.144] (==) Log file: "/home/abdiweli/.local/share/xorg/Xorg.2.log", Time: Sat Feb 12 09:05:40 2022
[247055.144] (==) Using system config directory "/usr/share/X11/xorg.conf.d"
[247055.146] (==) No Layout section.  Using the first Screen section.
[247055.146] (==) No screen section available. Using defaults.
[247055.146] (**) |-->Screen "Default Screen Section" (0)
[247055.146] (**) |   |-->Monitor "<default monitor>"
[247055.146] (==) No monitor specified for screen "Default Screen Section".
	Using a default monitor configuration.
[247055.146] (==) Automatically adding devices
[247055.146] (==) Automatically enabling devices
[247055.146] (==) Automatically adding GPU devices
[247055.146] (==) Automatically binding GPU devices
[247055.146] (==) Max clients allowed: 256, resource mask: 0x1fffff
[247055.146] (WW) The directory "/usr/share/fonts/X11/cyrillic" does not exist.
[247055.146] 	Entry deleted from font path.
[247055.146] (WW) The directory "/usr/share/fonts/X11/100dpi/" does not exist.
[247055.146] 	Entry deleted from font path.
[247055.146] (WW) The directory "/usr/share/fonts/X11/75dpi/" does not exist.
[247055.146] 	Entry deleted from font path.
[247055.146] (WW) The directory "/usr/share/fonts/X11/100dpi" does not exist.
[247055.146] 	Entry deleted from font path.
[247055.146] (WW) The directory "/usr/share/fonts/X11/75dpi" does not exist.
[247055.146] 	Entry deleted from font path.
[247055.146] (==) FontPath set to:
	/usr/share/fonts/X11/misc,
	/usr/share/fonts/X11/Type1,
	built-ins
[247055.146] (==) ModulePath set to "/usr/lib/xorg/modules"
[247055.146] (II) The server relies on udev to provide the list of input devices.
	If no devices become available, reconfigure udev or disable AutoAddDevices.
[247055.146] (II) Loader magic: 0x55f547a65020
[247055.146] (II) Module ABI versions:
[247055.146] 	X.Org ANSI C Emulation: 0.4
[247055.146] 	X.Org Video Driver: 24.1
[247055.146] 	X.Org XInput driver : 24.1
[247055.146] 	X.Org Server Extension : 10.0
[247055.154] (++) using VT number 4

[247055.166] (II) systemd-logind: took control of session /org/freedesktop/login1/session/_3551
[247055.167] (II) xfree86: Adding drm device (/dev/dri/card0)
[247055.167] (II) systemd-logind: got fd for /dev/dri/card0 226:0 fd 14 paused 0
[247055.168] (--) PCI:*(0@0:2:0) 8086:3e92:103c:86e9 rev 0, Mem @ 0xde000000/16777216, 0xc0000000/268435456, I/O @ 0x0000f000/64, BIOS @ 0x????????/131072
[247055.169] (II) LoadModule: "glx"
[247055.171] (II) Loading /usr/lib/xorg/modules/extensions/libglx.so
[247055.171] (II) Module glx: vendor="X.Org Foundation"
[247055.171] 	compiled for 1.20.13, module version = 1.0.0
[247055.171] 	ABI class: X.Org Server Extension, version 10.0
[247055.171] (==) Matched modesetting as autoconfigured driver 0
[247055.171] (==) Matched fbdev as autoconfigured driver 1
[247055.171] (==) Matched vesa as autoconfigured driver 2
[247055.171] (==) Assigned the driver to the xf86ConfigLayout
[247055.171] (II) LoadModule: "modesetting"
[247055.172] (II) Loading /usr/lib/xorg/modules/drivers/modesetting_drv.so
[247055.172] (II) Module modesetting: vendor="X.Org Foundation"
[247055.172] 	compiled for 1.20.13, module version = 1.20.13
[247055.172] 	Module class: X.Org Video Driver
[247055.172] 	ABI class: X.Org Video Driver, version 24.1
[247055.173] (II) LoadModule: "fbdev"
[247055.173] (II) Loading /usr/lib/xorg/modules/drivers/fbdev_drv.so
[247055.173] (II) Module fbdev: vendor="X.Org Foundation"
[247055.173] 	compiled for 1.20.1, module version = 0.5.0
[247055.173] 	Module class: X.Org Video Driver
[247055.173] 	ABI class: X.Org Video Driver, version 24.0
[247055.173] (II) LoadModule: "vesa"
[247055.173] (II) Loading /usr/lib/xorg/modules/drivers/vesa_drv.so
[247055.174] (II) Module vesa: vendor="X.Org Foundation"
[247055.174] 	compiled for 1.20.4, module version = 2.4.0
[247055.174] 	Module class: X.Org Video Driver
[247055.174] 	ABI class: X.Org Video Driver, version 24.0
[247055.174] (II) modesetting: Driver for Modesetting Kernel Drivers: kms
[247055.174] (II) FBDEV: driver for framebuffer: fbdev
[247055.174] (II) VESA: driver for VESA chipsets: vesa
[247055.174] xf86EnableIOPorts: failed to set IOPL for I/O (Operation not permitted)
[247055.174] (II) modeset(0): using drv /dev/dri/card0
[247055.174] (WW) Falling back to old probe method for fbdev
[247055.174] (II) Loading sub module "fbdevhw"
[247055.174] (II) LoadModule: "fbdevhw"
[247055.174] (II) Loading /usr/lib/xorg/modules/libfbdevhw.so
[247055.175] (II) Module fbdevhw: vendor="X.Org Foundation"
[247055.175] 	compiled for 1.20.13, module version = 0.0.2
[247055.175] 	ABI class: X.Org Video Driver, version 24.1
[247055.175] (EE) open /dev/fb0: Permission denied
[247055.175] (WW) VGA arbiter: cannot open kernel arbiter, no multi-card support
[247055.175] (II) modeset(0): Creating default Display subsection in Screen section
	"Default Screen Section" for depth/fbbpp 24/32
[247055.175] (==) modeset(0): Depth 24, (==) framebuffer bpp 32
[247055.175] (==) modeset(0): RGB weight 888
[247055.175] (==) modeset(0): Default visual is TrueColor
[247055.175] (II) Loading sub module "glamoregl"
[247055.175] (II) LoadModule: "glamoregl"
[247055.175] (II) Loading /usr/lib/xorg/modules/libglamoregl.so
[247055.178] (II) Module glamoregl: vendor="X.Org Foundation"
[247055.178] 	compiled for 1.20.13, module version = 1.0.1
[247055.178] 	ABI class: X.Org ANSI C Emulation, version 0.4
[247055.198] (II) modeset(0): glamor X acceleration enabled on Mesa Intel(R) UHD Graphics 630 (CFL GT2)
[247055.198] (II) modeset(0): glamor initialized
[247055.202] (II) modeset(0): Output HDMI-1 has no monitor section
[247055.208] (II) modeset(0): Output DP-1 has no monitor section
[247055.212] (II) modeset(0): EDID for output HDMI-1
[247055.218] (II) modeset(0): EDID for output DP-1
[247055.218] (II) modeset(0): Manufacturer: HPN  Model: 354c  Serial#: 1
[247055.218] (II) modeset(0): Year: 2020  Week: 42
[247055.218] (II) modeset(0): EDID Version: 1.4
[247055.218] (II) modeset(0): Analog Display Input,  Input Voltage Level: 0.700/0.700 V
[247055.218] (II) modeset(0): Sync:  Separate
[247055.218] (II) modeset(0): Max Image Size [cm]: horiz.: 60  vert.: 34
[247055.218] (II) modeset(0): Gamma: 2.20
[247055.218] (II) modeset(0): DPMS capabilities: Off; RGB/Color Display
[247055.218] (II) modeset(0): First detailed timing is preferred mode
[247055.218] (II) modeset(0): Preferred mode is native pixel format and refresh rate
[247055.218] (II) modeset(0): redX: 0.652 redY: 0.337   greenX: 0.319 greenY: 0.611
[247055.218] (II) modeset(0): blueX: 0.149 blueY: 0.067   whiteX: 0.312 whiteY: 0.328
[247055.218] (II) modeset(0): Supported established timings:
[247055.218] (II) modeset(0): 720x400@70Hz
[247055.218] (II) modeset(0): 640x480@60Hz
[247055.218] (II) modeset(0): 800x600@60Hz
[247055.218] (II) modeset(0): 1024x768@60Hz
[247055.218] (II) modeset(0): Manufacturer's mask: 0
[247055.218] (II) modeset(0): Supported standard timings:
[247055.218] (II) modeset(0): #0: hsize: 1920  vsize 1080  refresh: 60  vid: 49361
[247055.218] (II) modeset(0): #1: hsize: 1600  vsize 900  refresh: 60  vid: 49321
[247055.218] (II) modeset(0): #2: hsize: 1280  vsize 720  refresh: 60  vid: 49281
[247055.218] (II) modeset(0): #3: hsize: 1680  vsize 1050  refresh: 60  vid: 179
[247055.218] (II) modeset(0): #4: hsize: 1440  vsize 900  refresh: 60  vid: 149
[247055.218] (II) modeset(0): #5: hsize: 1280  vsize 800  refresh: 60  vid: 129
[247055.218] (II) modeset(0): #6: hsize: 1280  vsize 1024  refresh: 60  vid: 32897
[247055.218] (II) modeset(0): Supported detailed timing:
[247055.218] (II) modeset(0): clock: 148.5 MHz   Image Size:  598 x 336 mm
[247055.218] (II) modeset(0): h_active: 1920  h_sync: 2008  h_sync_end 2052 h_blank_end 2200 h_border: 0
[247055.218] (II) modeset(0): v_active: 1080  v_sync: 1084  v_sync_end 1089 v_blanking: 1125 v_border: 0
[247055.218] (II) modeset(0): Ranges: V min: 50 V max: 60 Hz, H min: 30 H max: 80 kHz, PixClock max 175 MHz
[247055.218] (II) modeset(0): Monitor name: HP 27f
[247055.218] (II) modeset(0): Serial No: 3CM0420HGL
[247055.218] (II) modeset(0): EDID (in hex):
[247055.218] (II) modeset(0): 	00ffffffffffff00220e4c3501000000
[247055.218] (II) modeset(0): 	2a1e0104683c22782a1e50a756519c26
[247055.218] (II) modeset(0): 	115054a10800d1c0a9c081c0b3009500
[247055.218] (II) modeset(0): 	810081800101023a801871382d40582c
[247055.218] (II) modeset(0): 	450056502100001e000000fd00323c1e
[247055.218] (II) modeset(0): 	5011000a202020202020000000fc0048
[247055.218] (II) modeset(0): 	50203237660a202020202020000000ff
[247055.218] (II) modeset(0): 	0033434d3034323048474c0a20200076
[247055.218] (II) modeset(0): Printing probed modes for output DP-1
[247055.218] (II) modeset(0): Modeline "1920x1080"x60.0  148.50  1920 2008 2052 2200  1080 1084 1089 1125 +hsync +vsync (67.5 kHz eP)
[247055.218] (II) modeset(0): Modeline "1680x1050"x60.0  146.25  1680 1784 1960 2240  1050 1053 1059 1089 -hsync +vsync (65.3 kHz e)
[247055.218] (II) modeset(0): Modeline "1600x900"x60.0  108.00  1600 1624 1704 1800  900 901 904 1000 +hsync +vsync (60.0 kHz e)
[247055.218] (II) modeset(0): Modeline "1280x1024"x60.0  108.00  1280 1328 1440 1688  1024 1025 1028 1066 +hsync +vsync (64.0 kHz e)
[247055.218] (II) modeset(0): Modeline "1440x900"x59.9  106.50  1440 1520 1672 1904  900 903 909 934 -hsync +vsync (55.9 kHz e)
[247055.218] (II) modeset(0): Modeline "1280x800"x59.8   83.50  1280 1352 1480 1680  800 803 809 831 -hsync +vsync (49.7 kHz e)
[247055.218] (II) modeset(0): Modeline "1280x720"x60.0   74.25  1280 1390 1430 1650  720 725 730 750 +hsync +vsync (45.0 kHz e)
[247055.218] (II) modeset(0): Modeline "1024x768"x60.0   65.00  1024 1048 1184 1344  768 771 777 806 -hsync -vsync (48.4 kHz e)
[247055.218] (II) modeset(0): Modeline "800x600"x60.3   40.00  800 840 968 1056  600 601 605 628 +hsync +vsync (37.9 kHz e)
[247055.218] (II) modeset(0): Modeline "640x480"x59.9   25.18  640 656 752 800  480 490 492 525 -hsync -vsync (31.5 kHz e)
[247055.218] (II) modeset(0): Modeline "720x400"x70.1   28.32  720 738 846 900  400 412 414 449 -hsync +vsync (31.5 kHz e)
[247055.218] (II) modeset(0): Output HDMI-1 disconnected
[247055.218] (II) modeset(0): Output DP-1 connected
[247055.218] (II) modeset(0): Using exact sizes for initial modes
[247055.218] (II) modeset(0): Output DP-1 using initial mode 1920x1080 +0+0
[247055.218] (==) modeset(0): Using gamma correction (1.0, 1.0, 1.0)
[247055.218] (==) modeset(0): DPI set to (96, 96)
[247055.218] (II) Loading sub module "fb"
[247055.218] (II) LoadModule: "fb"
[247055.218] (II) Loading /usr/lib/xorg/modules/libfb.so
[247055.219] (II) Module fb: vendor="X.Org Foundation"
[247055.219] 	compiled for 1.20.13, module version = 1.0.0
[247055.219] 	ABI class: X.Org ANSI C Emulation, version 0.4
[247055.219] (II) UnloadModule: "fbdev"
[247055.219] (II) Unloading fbdev
[247055.219] (II) UnloadSubModule: "fbdevhw"
[247055.219] (II) Unloading fbdevhw
[247055.219] (II) UnloadModule: "vesa"
[247055.219] (II) Unloading vesa
[247055.266] (==) modeset(0): Backing store enabled
[247055.266] (==) modeset(0): Silken mouse enabled
[247055.342] (II) modeset(0): Initializing kms color map for depth 24, 8 bpc.
[247055.342] (==) modeset(0): DPMS enabled
[247055.343] (II) modeset(0): [DRI2] Setup complete
[247055.343] (II) modeset(0): [DRI2]   DRI driver: iris
[247055.343] (II) modeset(0): [DRI2]   VDPAU driver: va_gl
[247055.343] (II) Initializing extension Generic Event Extension
[247055.343] (II) Initializing extension SHAPE
[247055.343] (II) Initializing extension MIT-SHM
[247055.343] (II) Initializing extension XInputExtension
[247055.343] (II) Initializing extension XTEST
[247055.343] (II) Initializing extension BIG-REQUESTS
[247055.343] (II) Initializing extension SYNC
[247055.343] (II) Initializing extension XKEYBOARD
[247055.343] (II) Initializing extension XC-MISC
[247055.343] (II) Initializing extension SECURITY
[247055.343] (II) Initializing extension XFIXES
[247055.344] (II) Initializing extension RENDER
[247055.344] (II) Initializing extension RANDR
[247055.344] (II) Initializing extension COMPOSITE
[247055.344] (II) Initializing extension DAMAGE
[247055.344] (II) Initializing extension MIT-SCREEN-SAVER
[247055.344] (II) Initializing extension DOUBLE-BUFFER
[247055.344] (II) Initializing extension RECORD
[247055.344] (II) Initializing extension DPMS
[247055.344] (II) Initializing extension Present
[247055.344] (II) Initializing extension DRI3
[247055.344] (II) Initializing extension X-Resource
[247055.344] (II) Initializing extension XVideo
[247055.344] (II) Initializing extension XVideo-MotionCompensation
[247055.344] (II) Initializing extension SELinux
[247055.344] (II) SELinux: Disabled on system
[247055.344] (II) Initializing extension GLX
[247055.350] (II) AIGLX: Loaded and initialized iris
[247055.350] (II) GLX: Initialized DRI2 GL provider for screen 0
[247055.350] (II) Initializing extension XFree86-VidModeExtension
[247055.350] (II) Initializing extension XFree86-DGA
[247055.350] (II) Initializing extension XFree86-DRI
[247055.350] (II) Initializing extension DRI2
[247055.351] (II) modeset(0): Damage tracking initialized
[247055.351] (II) modeset(0): Setting screen physical size to 508 x 285
[247055.379] (II) config/udev: Adding input device Power Button (/dev/input/event2)
[247055.379] (**) Power Button: Applying InputClass "libinput keyboard catchall"
[247055.379] (II) LoadModule: "libinput"
[247055.379] (II) Loading /usr/lib/xorg/modules/input/libinput_drv.so
[247055.381] (II) Module libinput: vendor="X.Org Foundation"
[247055.381] 	compiled for 1.20.4, module version = 0.29.0
[247055.381] 	Module class: X.Org XInput Driver
[247055.381] 	ABI class: X.Org XInput driver, version 24.1
[247055.381] (II) Using input driver 'libinput' for 'Power Button'
[247055.381] (II) systemd-logind: got fd for /dev/input/event2 13:66 fd 28 paused 0
[247055.381] (**) Power Button: always reports core events
[247055.381] (**) Option "Device" "/dev/input/event2"
[247055.381] (**) Option "_source" "server/udev"
[247055.384] (II) event2  - Power Button: is tagged by udev as: Keyboard
[247055.384] (II) event2  - Power Button: device is a keyboard
[247055.384] (II) event2  - Power Button: device removed
[247055.384] (**) Option "config_info" "udev:/sys/devices/LNXSYSTM:00/LNXPWRBN:00/input/input2/event2"
[247055.384] (II) XINPUT: Adding extended input device "Power Button" (type: KEYBOARD, id 6)
[247055.384] (**) Option "xkb_model" "pc105"
[247055.384] (**) Option "xkb_layout" "us"
[247055.384] (II) event2  - Power Button: is tagged by udev as: Keyboard
[247055.385] (II) event2  - Power Button: device is a keyboard
[247055.385] (II) config/udev: Adding input device Video Bus (/dev/input/event8)
[247055.385] (**) Video Bus: Applying InputClass "libinput keyboard catchall"
[247055.385] (II) Using input driver 'libinput' for 'Video Bus'
[247055.385] (II) systemd-logind: got fd for /dev/input/event8 13:72 fd 31 paused 0
[247055.385] (**) Video Bus: always reports core events
[247055.385] (**) Option "Device" "/dev/input/event8"
[247055.385] (**) Option "_source" "server/udev"
[247055.386] (II) event8  - Video Bus: is tagged by udev as: Keyboard
[247055.386] (II) event8  - Video Bus: device is a keyboard
[247055.386] (II) event8  - Video Bus: device removed
[247055.386] (**) Option "config_info" "udev:/sys/devices/LNXSYSTM:00/LNXSYBUS:00/PNP0A08:00/LNXVIDEO:00/input/input8/event8"
[247055.386] (II) XINPUT: Adding extended input device "Video Bus" (type: KEYBOARD, id 7)
[247055.386] (**) Option "xkb_model" "pc105"
[247055.386] (**) Option "xkb_layout" "us"
[247055.386] (II) event8  - Video Bus: is tagged by udev as: Keyboard
[247055.387] (II) event8  - Video Bus: device is a keyboard
[247055.387] (II) config/udev: Adding input device Power Button (/dev/input/event1)
[247055.387] (**) Power Button: Applying InputClass "libinput keyboard catchall"
[247055.387] (II) Using input driver 'libinput' for 'Power Button'
[247055.387] (II) systemd-logind: got fd for /dev/input/event1 13:65 fd 32 paused 0
[247055.387] (**) Power Button: always reports core events
[247055.387] (**) Option "Device" "/dev/input/event1"
[247055.387] (**) Option "_source" "server/udev"
[247055.388] (II) event1  - Power Button: is tagged by udev as: Keyboard
[247055.388] (II) event1  - Power Button: device is a keyboard
[247055.388] (II) event1  - Power Button: device removed
[247055.388] (**) Option "config_info" "udev:/sys/devices/LNXSYSTM:00/LNXSYBUS:00/PNP0C0C:00/input/input1/event1"
[247055.388] (II) XINPUT: Adding extended input device "Power Button" (type: KEYBOARD, id 8)
[247055.388] (**) Option "xkb_model" "pc105"
[247055.388] (**) Option "xkb_layout" "us"
[247055.389] (II) event1  - Power Button: is tagged by udev as: Keyboard
[247055.389] (II) event1  - Power Button: device is a keyboard
[247055.390] (II) config/udev: Adding input device Sleep Button (/dev/input/event0)
[247055.390] (**) Sleep Button: Applying InputClass "libinput keyboard catchall"
[247055.390] (II) Using input driver 'libinput' for 'Sleep Button'
[247055.390] (II) systemd-logind: got fd for /dev/input/event0 13:64 fd 33 paused 0
[247055.390] (**) Sleep Button: always reports core events
[247055.390] (**) Option "Device" "/dev/input/event0"
[247055.390] (**) Option "_source" "server/udev"
[247055.390] (II) event0  - Sleep Button: is tagged by udev as: Keyboard
[247055.391] (II) event0  - Sleep Button: device is a keyboard
[247055.391] (II) event0  - Sleep Button: device removed
[247055.391] (**) Option "config_info" "udev:/sys/devices/LNXSYSTM:00/LNXSYBUS:00/PNP0C0E:00/input/input0/event0"
[247055.391] (II) XINPUT: Adding extended input device "Sleep Button" (type: KEYBOARD, id 9)
[247055.391] (**) Option "xkb_model" "pc105"
[247055.391] (**) Option "xkb_layout" "us"
[247055.391] (II) event0  - Sleep Button: is tagged by udev as: Keyboard
[247055.391] (II) event0  - Sleep Button: device is a keyboard
[247055.392] (II) config/udev: Adding input device PixArt HP USB Optical Mouse (/dev/input/event6)
[247055.392] (**) PixArt HP USB Optical Mouse: Applying InputClass "libinput pointer catchall"
[247055.392] (II) Using input driver 'libinput' for 'PixArt HP USB Optical Mouse'
[247055.392] (II) systemd-logind: got fd for /dev/input/event6 13:70 fd 34 paused 0
[247055.392] (**) PixArt HP USB Optical Mouse: always reports core events
[247055.392] (**) Option "Device" "/dev/input/event6"
[247055.392] (**) Option "_source" "server/udev"
[247055.393] (II) event6  - PixArt HP USB Optical Mouse: is tagged by udev as: Mouse
[247055.393] (II) event6  - PixArt HP USB Optical Mouse: device is a pointer
[247055.393] (II) event6  - PixArt HP USB Optical Mouse: device removed
[247055.393] (**) Option "config_info" "udev:/sys/devices/pci0000:00/0000:00:14.0/usb1/1-10/1-10:1.0/0003:03F0:134A.0003/input/input6/event6"
[247055.393] (II) XINPUT: Adding extended input device "PixArt HP USB Optical Mouse" (type: MOUSE, id 10)
[247055.394] (**) Option "AccelerationScheme" "none"
[247055.394] (**) PixArt HP USB Optical Mouse: (accel) selected scheme none/0
[247055.394] (**) PixArt HP USB Optical Mouse: (accel) acceleration factor: 2.000
[247055.394] (**) PixArt HP USB Optical Mouse: (accel) acceleration threshold: 4
[247055.394] (II) event6  - PixArt HP USB Optical Mouse: is tagged by udev as: Mouse
[247055.395] (II) event6  - PixArt HP USB Optical Mouse: device is a pointer
[247055.395] (II) config/udev: Adding input device PixArt HP USB Optical Mouse (/dev/input/mouse0)
[247055.395] (II) No input driver specified, ignoring this device.
[247055.395] (II) This device may have been added with another device file.
[247055.395] (II) config/udev: Adding input device SZH usb keyboard (/dev/input/event3)
[247055.395] (**) SZH usb keyboard: Applying InputClass "libinput keyboard catchall"
[247055.395] (II) Using input driver 'libinput' for 'SZH usb keyboard'
[247055.396] (II) systemd-logind: got fd for /dev/input/event3 13:67 fd 35 paused 0
[247055.396] (**) SZH usb keyboard: always reports core events
[247055.396] (**) Option "Device" "/dev/input/event3"
[247055.396] (**) Option "_source" "server/udev"
[247055.397] (II) event3  - SZH usb keyboard: is tagged by udev as: Keyboard
[247055.397] (II) event3  - SZH usb keyboard: device is a keyboard
[247055.397] (II) event3  - SZH usb keyboard: device removed
[247055.397] (**) Option "config_info" "udev:/sys/devices/pci0000:00/0000:00:14.0/usb1/1-8/1-8:1.0/0003:C0F4:04E0.0001/input/input3/event3"
[247055.397] (II) XINPUT: Adding extended input device "SZH usb keyboard" (type: KEYBOARD, id 11)
[247055.397] (**) Option "xkb_model" "pc105"
[247055.397] (**) Option "xkb_layout" "us"
[247055.399] (II) event3  - SZH usb keyboard: is tagged by udev as: Keyboard
[247055.399] (II) event3  - SZH usb keyboard: device is a keyboard
[247055.400] (II) config/udev: Adding input device SZH usb keyboard Consumer Control (/dev/input/event4)
[247055.400] (**) SZH usb keyboard Consumer Control: Applying InputClass "libinput keyboard catchall"
[247055.400] (II) Using input driver 'libinput' for 'SZH usb keyboard Consumer Control'
[247055.400] (II) systemd-logind: got fd for /dev/input/event4 13:68 fd 36 paused 0
[247055.400] (**) SZH usb keyboard Consumer Control: always reports core events
[247055.400] (**) Option "Device" "/dev/input/event4"
[247055.400] (**) Option "_source" "server/udev"
[247055.401] (II) event4  - SZH usb keyboard Consumer Control: is tagged by udev as: Keyboard
[247055.401] (II) event4  - SZH usb keyboard Consumer Control: device is a keyboard
[247055.401] (II) event4  - SZH usb keyboard Consumer Control: device removed
[247055.401] (II) libinput: SZH usb keyboard Consumer Control: needs a virtual subdevice
[247055.401] (**) Option "config_info" "udev:/sys/devices/pci0000:00/0000:00:14.0/usb1/1-8/1-8:1.1/0003:C0F4:04E0.0002/input/input4/event4"
[247055.401] (II) XINPUT: Adding extended input device "SZH usb keyboard Consumer Control" (type: MOUSE, id 12)
[247055.401] (**) Option "AccelerationScheme" "none"
[247055.401] (**) SZH usb keyboard Consumer Control: (accel) selected scheme none/0
[247055.401] (**) SZH usb keyboard Consumer Control: (accel) acceleration factor: 2.000
[247055.401] (**) SZH usb keyboard Consumer Control: (accel) acceleration threshold: 4
[247055.402] (II) event4  - SZH usb keyboard Consumer Control: is tagged by udev as: Keyboard
[247055.402] (II) event4  - SZH usb keyboard Consumer Control: device is a keyboard
[247055.403] (II) config/udev: Adding input device SZH usb keyboard System Control (/dev/input/event5)
[247055.403] (**) SZH usb keyboard System Control: Applying InputClass "libinput keyboard catchall"
[247055.403] (II) Using input driver 'libinput' for 'SZH usb keyboard System Control'
[247055.403] (II) systemd-logind: got fd for /dev/input/event5 13:69 fd 37 paused 0
[247055.403] (**) SZH usb keyboard System Control: always reports core events
[247055.403] (**) Option "Device" "/dev/input/event5"
[247055.403] (**) Option "_source" "server/udev"
[247055.404] (II) event5  - SZH usb keyboard System Control: is tagged by udev as: Keyboard
[247055.404] (II) event5  - SZH usb keyboard System Control: device is a keyboard
[247055.405] (II) event5  - SZH usb keyboard System Control: device removed
[247055.405] (**) Option "config_info" "udev:/sys/devices/pci0000:00/0000:00:14.0/usb1/1-8/1-8:1.1/0003:C0F4:04E0.0002/input/input5/event5"
[247055.405] (II) XINPUT: Adding extended input device "SZH usb keyboard System Control" (type: KEYBOARD, id 13)
[247055.405] (**) Option "xkb_model" "pc105"
[247055.405] (**) Option "xkb_layout" "us"
[247055.406] (II) event5  - SZH usb keyboard System Control: is tagged by udev as: Keyboard
[247055.406] (II) event5  - SZH usb keyboard System Control: device is a keyboard
[247055.406] (II) config/udev: Adding input device HDA Intel PCH Line (/dev/input/event10)
[247055.406] (II) No input driver specified, ignoring this device.
[247055.406] (II) This device may have been added with another device file.
[247055.406] (II) config/udev: Adding input device HDA Intel PCH Line Out (/dev/input/event11)
[247055.406] (II) No input driver specified, ignoring this device.
[247055.406] (II) This device may have been added with another device file.
[247055.407] (II) config/udev: Adding input device HDA Intel PCH Front Headphone (/dev/input/event12)
[247055.407] (II) No input driver specified, ignoring this device.
[247055.407] (II) This device may have been added with another device file.
[247055.407] (II) config/udev: Adding input device HDA Intel PCH HDMI/DP,pcm=3 (/dev/input/event13)
[247055.407] (II) No input driver specified, ignoring this device.
[247055.407] (II) This device may have been added with another device file.
[247055.407] (II) config/udev: Adding input device HDA Intel PCH HDMI/DP,pcm=7 (/dev/input/event14)
[247055.407] (II) No input driver specified, ignoring this device.
[247055.407] (II) This device may have been added with another device file.
[247055.407] (II) config/udev: Adding input device HDA Intel PCH HDMI/DP,pcm=8 (/dev/input/event15)
[247055.407] (II) No input driver specified, ignoring this device.
[247055.407] (II) This device may have been added with another device file.
[247055.408] (II) config/udev: Adding input device HDA Intel PCH HDMI/DP,pcm=9 (/dev/input/event16)
[247055.408] (II) No input driver specified, ignoring this device.
[247055.408] (II) This device may have been added with another device file.
[247055.408] (II) config/udev: Adding input device HDA Intel PCH HDMI/DP,pcm=10 (/dev/input/event17)
[247055.408] (II) No input driver specified, ignoring this device.
[247055.408] (II) This device may have been added with another device file.
[247055.408] (II) config/udev: Adding input device HDA Intel PCH Headset Mic (/dev/input/event9)
[247055.408] (II) No input driver specified, ignoring this device.
[247055.408] (II) This device may have been added with another device file.
[247055.410] (II) config/udev: Adding input device HP WMI hotkeys (/dev/input/event7)
[247055.410] (**) HP WMI hotkeys: Applying InputClass "libinput keyboard catchall"
[247055.410] (II) Using input driver 'libinput' for 'HP WMI hotkeys'
[247055.410] (II) systemd-logind: got fd for /dev/input/event7 13:71 fd 38 paused 0
[247055.410] (**) HP WMI hotkeys: always reports core events
[247055.410] (**) Option "Device" "/dev/input/event7"
[247055.410] (**) Option "_source" "server/udev"
[247055.411] (II) event7  - HP WMI hotkeys: is tagged by udev as: Keyboard Switch
[247055.411] (II) event7  - HP WMI hotkeys: device is a keyboard
[247055.411] (II) event7  - HP WMI hotkeys: device removed
[247055.411] (**) Option "config_info" "udev:/sys/devices/virtual/input/input7/event7"
[247055.411] (II) XINPUT: Adding extended input device "HP WMI hotkeys" (type: KEYBOARD, id 14)
[247055.411] (**) Option "xkb_model" "pc105"
[247055.411] (**) Option "xkb_layout" "us"
[247055.411] (II) event7  - HP WMI hotkeys: is tagged by udev as: Keyboard Switch
[247055.411] (II) event7  - HP WMI hotkeys: device is a keyboard
[247055.426] (**) SZH usb keyboard Consumer Control: Applying InputClass "libinput keyboard catchall"
[247055.426] (II) Using input driver 'libinput' for 'SZH usb keyboard Consumer Control'
[247055.426] (II) systemd-logind: returning pre-existing fd for /dev/input/event4 13:68
[247055.426] (**) SZH usb keyboard Consumer Control: always reports core events
[247055.426] (**) Option "Device" "/dev/input/event4"
[247055.426] (**) Option "_source" "_driver/libinput"
[247055.426] (II) libinput: SZH usb keyboard Consumer Control: is a virtual subdevice
[247055.426] (**) Option "config_info" "udev:/sys/devices/pci0000:00/0000:00:14.0/usb1/1-8/1-8:1.1/0003:C0F4:04E0.0002/input/input4/event4"
[247055.426] (II) XINPUT: Adding extended input device "SZH usb keyboard Consumer Control" (type: KEYBOARD, id 15)
[247055.426] (**) Option "xkb_model" "pc105"
[247055.426] (**) Option "xkb_layout" "us"
[247055.825] (II) modeset(0): EDID vendor "HPN", prod id 13644
[247055.825] (II) modeset(0): Using EDID range info for horizontal sync
[247055.825] (II) modeset(0): Using EDID range info for vertical refresh
[247055.825] (II) modeset(0): Printing DDC gathered Modelines:
[247055.825] (II) modeset(0): Modeline "1920x1080"x0.0  148.50  1920 2008 2052 2200  1080 1084 1089 1125 +hsync +vsync (67.5 kHz eP)
[247055.825] (II) modeset(0): Modeline "800x600"x0.0   40.00  800 840 968 1056  600 601 605 628 +hsync +vsync (37.9 kHz e)
[247055.825] (II) modeset(0): Modeline "640x480"x0.0   25.18  640 656 752 800  480 490 492 525 -hsync -vsync (31.5 kHz e)
[247055.825] (II) modeset(0): Modeline "720x400"x0.0   28.32  720 738 846 900  400 412 414 449 -hsync +vsync (31.5 kHz e)
[247055.825] (II) modeset(0): Modeline "1024x768"x0.0   65.00  1024 1048 1184 1344  768 771 777 806 -hsync -vsync (48.4 kHz e)
[247055.825] (II) modeset(0): Modeline "1600x900"x60.0  119.00  1600 1696 1864 2128  900 901 904 932 -hsync +vsync (55.9 kHz e)
[247055.825] (II) modeset(0): Modeline "1280x720"x60.0   74.48  1280 1336 1472 1664  720 721 724 746 -hsync +vsync (44.8 kHz e)
[247055.825] (II) modeset(0): Modeline "1680x1050"x0.0  146.25  1680 1784 1960 2240  1050 1053 1059 1089 -hsync +vsync (65.3 kHz e)
[247055.825] (II) modeset(0): Modeline "1440x900"x0.0  106.50  1440 1520 1672 1904  900 903 909 934 -hsync +vsync (55.9 kHz e)
[247055.825] (II) modeset(0): Modeline "1280x800"x0.0   83.50  1280 1352 1480 1680  800 803 809 831 -hsync +vsync (49.7 kHz e)
[247055.825] (II) modeset(0): Modeline "1280x1024"x0.0  108.00  1280 1328 1440 1688  1024 1025 1028 1066 +hsync +vsync (64.0 kHz e)
[247056.783] (II) modeset(0): EDID vendor "HPN", prod id 13644
[247056.783] (II) modeset(0): Using hsync ranges from config file
[247056.783] (II) modeset(0): Using vrefresh ranges from config file
[247056.783] (II) modeset(0): Printing DDC gathered Modelines:
[247056.783] (II) modeset(0): Modeline "1920x1080"x0.0  148.50  1920 2008 2052 2200  1080 1084 1089 1125 +hsync +vsync (67.5 kHz eP)
[247056.783] (II) modeset(0): Modeline "800x600"x0.0   40.00  800 840 968 1056  600 601 605 628 +hsync +vsync (37.9 kHz e)
[247056.783] (II) modeset(0): Modeline "640x480"x0.0   25.18  640 656 752 800  480 490 492 525 -hsync -vsync (31.5 kHz e)
[247056.783] (II) modeset(0): Modeline "720x400"x0.0   28.32  720 738 846 900  400 412 414 449 -hsync +vsync (31.5 kHz e)
[247056.783] (II) modeset(0): Modeline "1024x768"x0.0   65.00  1024 1048 1184 1344  768 771 777 806 -hsync -vsync (48.4 kHz e)
[247056.783] (II) modeset(0): Modeline "1600x900"x60.0  119.00  1600 1696 1864 2128  900 901 904 932 -hsync +vsync (55.9 kHz e)
[247056.783] (II) modeset(0): Modeline "1280x720"x60.0   74.48  1280 1336 1472 1664  720 721 724 746 -hsync +vsync (44.8 kHz e)
[247056.783] (II) modeset(0): Modeline "1680x1050"x0.0  146.25  1680 1784 1960 2240  1050 1053 1059 1089 -hsync +vsync (65.3 kHz e)
[247056.783] (II) modeset(0): Modeline "1440x900"x0.0  106.50  1440 1520 1672 1904  900 903 909 934 -hsync +vsync (55.9 kHz e)
[247056.783] (II) modeset(0): Modeline "1280x800"x0.0   83.50  1280 1352 1480 1680  800 803 809 831 -hsync +vsync (49.7 kHz e)
[247056.783] (II) modeset(0): Modeline "1280x1024"x0.0  108.00  1280 1328 1440 1688  1024 1025 1028 1066 +hsync +vsync (64.0 kHz e)
[247069.314] (II) modeset(0): EDID vendor "HPN", prod id 13644
[247069.314] (II) modeset(0): Using hsync ranges from config file
[247069.314] (II) modeset(0): Using vrefresh ranges from config file
[247069.314] (II) modeset(0): Printing DDC gathered Modelines:
[247069.314] (II) modeset(0): Modeline "1920x1080"x0.0  148.50  1920 2008 2052 2200  1080 1084 1089 1125 +hsync +vsync (67.5 kHz eP)
[247069.314] (II) modeset(0): Modeline "800x600"x0.0   40.00  800 840 968 1056  600 601 605 628 +hsync +vsync (37.9 kHz e)
[247069.314] (II) modeset(0): Modeline "640x480"x0.0   25.18  640 656 752 800  480 490 492 525 -hsync -vsync (31.5 kHz e)
[247069.314] (II) modeset(0): Modeline "720x400"x0.0   28.32  720 738 846 900  400 412 414 449 -hsync +vsync (31.5 kHz e)
[247069.314] (II) modeset(0): Modeline "1024x768"x0.0   65.00  1024 1048 1184 1344  768 771 777 806 -hsync -vsync (48.4 kHz e)
[247069.314] (II) modeset(0): Modeline "1600x900"x60.0  119.00  1600 1696 1864 2128  900 901 904 932 -hsync +vsync (55.9 kHz e)
[247069.314] (II) modeset(0): Modeline "1280x720"x60.0   74.48  1280 1336 1472 1664  720 721 724 746 -hsync +vsync (44.8 kHz e)
[247069.314] (II) modeset(0): Modeline "1680x1050"x0.0  146.25  1680 1784 1960 2240  1050 1053 1059 1089 -hsync +vsync (65.3 kHz e)
[247069.314] (II) modeset(0): Modeline "1440x900"x0.0  106.50  1440 1520 1672 1904  900 903 909 934 -hsync +vsync (55.9 kHz e)
[247069.314] (II) modeset(0): Modeline "1280x800"x0.0   83.50  1280 1352 1480 1680  800 803 809 831 -hsync +vsync (49.7 kHz e)
[247069.314] (II) modeset(0): Modeline "1280x1024"x0.0  108.00  1280 1328 1440 1688  1024 1025 1028 1066 +hsync +vsync (64.0 kHz e)
[248149.011] (EE) client bug: timer event6 debounce short: scheduled expiry is in the past (-9ms), your system is too slow
[248160.284] (EE) client bug: timer event6 debounce: scheduled expiry is in the past (-41ms), your system is too slow
[248160.343] (EE) client bug: timer event6 debounce: scheduled expiry is in the past (-55ms), your system is too slow
[248160.343] (EE) client bug: timer event6 debounce short: scheduled expiry is in the past (-68ms), your system is too slow
[248186.728] (EE) client bug: timer event6 debounce: scheduled expiry is in the past (-5ms), your system is too slow
[248186.894] (EE) client bug: timer event6 debounce short: scheduled expiry is in the past (-5ms), your system is too slow
[248188.804] (EE) client bug: timer event6 debounce: scheduled expiry is in the past (-6ms), your system is too slow
[248188.933] (EE) client bug: timer event6 debounce: scheduled expiry is in the past (-13ms), your system is too slow
[248188.953] (EE) client bug: timer event6 debounce short: scheduled expiry is in the past (-54ms), your system is too slow
[248193.142] (EE) client bug: timer event6 debounce: scheduled expiry is in the past (-0ms), your system is too slow
[248193.362] (EE) client bug: timer event6 debounce: scheduled expiry is in the past (-56ms), your system is too slow
[248193.838] (EE) client bug: timer event6 debounce short: scheduled expiry is in the past (-538ms), your system is too slow
[248193.901] (EE) client bug: timer event6 debounce: scheduled expiry is in the past (-93ms), your system is too slow
[248194.007] (EE) client bug: timer event6 debounce: scheduled expiry is in the past (-71ms), your system is too slow
[248194.025] (EE) client bug: timer event6 debounce short: scheduled expiry is in the past (-102ms), your system is too slow
[248195.424] (EE) client bug: timer event6 debounce: scheduled expiry is in the past (-90ms), your system is too slow
[248195.446] (EE) client bug: timer event6 debounce short: scheduled expiry is in the past (-139ms), your system is too slow
[248195.986] (EE) client bug: timer event6 debounce short: scheduled expiry is in the past (-9ms), your system is too slow
[248196.111] (EE) client bug: timer event6 debounce: scheduled expiry is in the past (-29ms), your system is too slow
[248196.526] (EE) client bug: timer event6 debounce short: scheduled expiry is in the past (-10ms), your system is too slow
[248236.342] (II) event6  - PixArt HP USB Optical Mouse: SYN_DROPPED event - some input events have been lost.
[248238.322] (II) event6  - PixArt HP USB Optical Mouse: SYN_DROPPED event - some input events have been lost.
[248240.747] (EE) client bug: timer event6 debounce: scheduled expiry is in the past (-140ms), your system is too slow
[248241.289] (EE) client bug: timer event6 debounce: scheduled expiry is in the past (-50ms), your system is too slow
[248241.293] (EE) client bug: timer event6 debounce short: scheduled expiry is in the past (-98ms), your system is too slow
[248241.646] (EE) client bug: timer event6 debounce short: scheduled expiry is in the past (-7ms), your system is too slow
[248241.932] (EE) client bug: timer event6 debounce: scheduled expiry is in the past (-4ms), your system is too slow
[248242.039] (EE) client bug: timer event6 debounce short: scheduled expiry is in the past (-1ms), your system is too slow
[248242.384] (EE) client bug: timer event6 debounce: scheduled expiry is in the past (-9ms), your system is too slow
[248242.417] (EE) client bug: timer event6 debounce short: scheduled expiry is in the past (-78ms), your system is too slow
[248242.746] (EE) client bug: timer event6 debounce: scheduled expiry is in the past (-16ms), your system is too slow
[248242.939] (EE) client bug: timer event6 debounce: scheduled expiry is in the past (-85ms), your system is too slow
[248242.949] (EE) client bug: timer event6 debounce short: scheduled expiry is in the past (-113ms), your system is too slow
