[2022-02-12T06:27:24.601Z] Validating found git in: git
[2022-02-12T06:27:24.699Z] Using git 2.25.1 from git
[2022-02-12T06:27:24.715Z] > git rev-parse --git-dir [2ms]
[2022-02-12T06:27:24.718Z] Open repository: /home/abdiweli
[2022-02-12T06:27:25.082Z] > git ls-files --stage -- /home/abdiweli/java script/index.html [1ms]
[2022-02-12T06:27:25.547Z] > git fetch [822ms]
[2022-02-12T06:27:29.332Z] > git symbolic-ref --short HEAD [1ms]
[2022-02-12T06:27:29.336Z] > git for-each-ref --format=%(refname)%00%(upstream:short)%00%(objectname)%00%(upstream:track) refs/heads/master refs/remotes/master [1ms]
[2022-02-12T06:27:29.341Z] > git for-each-ref --sort -committerdate --format %(refname) %(objectname) %(*objectname) [3ms]
[2022-02-12T06:27:29.342Z] > git remote --verbose [1ms]
[2022-02-12T06:27:29.433Z] > git config --get commit.template [2ms]
[2022-02-12T06:27:30.555Z] > git symbolic-ref --short HEAD [2ms]
[2022-02-12T06:27:30.564Z] > git for-each-ref --format=%(refname)%00%(upstream:short)%00%(objectname)%00%(upstream:track) refs/heads/master refs/remotes/master [5ms]
[2022-02-12T06:27:30.571Z] > git for-each-ref --sort -committerdate --format %(refname) %(objectname) %(*objectname) [4ms]
[2022-02-12T06:27:30.571Z] > git remote --verbose [1ms]
[2022-02-12T06:27:30.640Z] > git config --get commit.template [3ms]
[2022-02-12T06:27:33.835Z] > git ls-files --stage -- /home/abdiweli/java script/script.js [1ms]
[2022-02-12T06:27:37.692Z] > git ls-files --stage -- /home/abdiweli/java script/index.html [1ms]
[2022-02-12T06:29:19.538Z] > git ls-files --stage -- /home/abdiweli/java script/script.js [1ms]
[2022-02-12T06:31:21.969Z] > git fetch [945ms]
[2022-02-12T06:31:22.065Z] > git symbolic-ref --short HEAD [1ms]
[2022-02-12T06:31:22.070Z] > git for-each-ref --format=%(refname)%00%(upstream:short)%00%(objectname)%00%(upstream:track) refs/heads/master refs/remotes/master [2ms]
[2022-02-12T06:31:22.076Z] > git for-each-ref --sort -committerdate --format %(refname) %(objectname) %(*objectname) [3ms]
[2022-02-12T06:31:22.076Z] > git remote --verbose [1ms]
[2022-02-12T06:31:22.151Z] > git config --get commit.template [1ms]
[2022-02-12T06:31:22.187Z] > git ls-files --stage -- /home/abdiweli/java script/script.js [0ms]
[2022-02-12T06:37:37.045Z] > git fetch [899ms]
[2022-02-12T06:37:37.139Z] > git symbolic-ref --short HEAD [2ms]
[2022-02-12T06:37:37.142Z] > git for-each-ref --format=%(refname)%00%(upstream:short)%00%(objectname)%00%(upstream:track) refs/heads/master refs/remotes/master [0ms]
[2022-02-12T06:37:37.148Z] > git remote --verbose [1ms]
[2022-02-12T06:37:37.148Z] > git for-each-ref --sort -committerdate --format %(refname) %(objectname) %(*objectname) [3ms]
[2022-02-12T06:37:37.213Z] > git config --get commit.template [2ms]
[2022-02-12T06:37:39.334Z] > git ls-files --stage -- /home/abdiweli/java script/script.js [1ms]
[2022-02-12T07:18:30.617Z] > git fetch [842ms]
[2022-02-12T07:18:30.752Z] > git symbolic-ref --short HEAD [1ms]
[2022-02-12T07:18:30.755Z] > git for-each-ref --format=%(refname)%00%(upstream:short)%00%(objectname)%00%(upstream:track) refs/heads/master refs/remotes/master [0ms]
[2022-02-12T07:18:30.761Z] > git remote --verbose [1ms]
[2022-02-12T07:18:30.761Z] > git for-each-ref --sort -committerdate --format %(refname) %(objectname) %(*objectname) [3ms]
[2022-02-12T07:18:30.823Z] > git config --get commit.template [2ms]
[2022-02-12T07:18:32.906Z] > git ls-files --stage -- /home/abdiweli/java script/script.js [1ms]
[2022-02-12T07:18:35.349Z] > git ls-files --stage -- /home/abdiweli/java script/index.html [1ms]
[2022-02-12T07:21:31.649Z] > git fetch [817ms]
[2022-02-12T07:21:31.736Z] > git symbolic-ref --short HEAD [1ms]
[2022-02-12T07:21:31.740Z] > git for-each-ref --format=%(refname)%00%(upstream:short)%00%(objectname)%00%(upstream:track) refs/heads/master refs/remotes/master [1ms]
[2022-02-12T07:21:31.746Z] > git for-each-ref --sort -committerdate --format %(refname) %(objectname) %(*objectname) [4ms]
[2022-02-12T07:21:31.746Z] > git remote --verbose [0ms]
[2022-02-12T07:21:31.818Z] > git config --get commit.template [1ms]
[2022-02-12T07:21:33.841Z] > git ls-files --stage -- /home/abdiweli/java script/index.html [1ms]
[2022-02-12T07:24:32.996Z] > git ls-files --stage -- /home/abdiweli/java script/index.html [1ms]
[2022-02-12T07:24:33.103Z] > git fetch [1276ms]
[2022-02-12T07:24:33.203Z] > git symbolic-ref --short HEAD [1ms]
[2022-02-12T07:24:33.207Z] > git for-each-ref --format=%(refname)%00%(upstream:short)%00%(objectname)%00%(upstream:track) refs/heads/master refs/remotes/master [1ms]
[2022-02-12T07:24:33.212Z] > git for-each-ref --sort -committerdate --format %(refname) %(objectname) %(*objectname) [3ms]
[2022-02-12T07:24:33.212Z] > git remote --verbose [1ms]
[2022-02-12T07:24:33.284Z] > git config --get commit.template [1ms]
[2022-02-12T07:28:23.236Z] > git ls-files --stage -- /home/abdiweli/java script/index.html [3ms]
[2022-02-12T07:28:23.738Z] > git ls-files --stage -- /home/abdiweli/java script/script.js [0ms]
[2022-02-12T07:28:24.389Z] > git fetch [2333ms]
[2022-02-12T07:28:24.477Z] > git symbolic-ref --short HEAD [1ms]
[2022-02-12T07:28:24.481Z] > git for-each-ref --format=%(refname)%00%(upstream:short)%00%(objectname)%00%(upstream:track) refs/heads/master refs/remotes/master [1ms]
[2022-02-12T07:28:24.487Z] > git for-each-ref --sort -committerdate --format %(refname) %(objectname) %(*objectname) [4ms]
[2022-02-12T07:28:24.487Z] > git remote --verbose [1ms]
[2022-02-12T07:28:24.548Z] > git config --get commit.template [1ms]
[2022-02-12T07:43:42.220Z] > git fetch [957ms]
[2022-02-12T07:43:42.310Z] > git symbolic-ref --short HEAD [2ms]
[2022-02-12T07:43:42.314Z] > git for-each-ref --format=%(refname)%00%(upstream:short)%00%(objectname)%00%(upstream:track) refs/heads/master refs/remotes/master [0ms]
[2022-02-12T07:43:42.321Z] > git for-each-ref --sort -committerdate --format %(refname) %(objectname) %(*objectname) [3ms]
[2022-02-12T07:43:42.321Z] > git remote --verbose [1ms]
[2022-02-12T07:43:42.381Z] > git config --get commit.template [1ms]
[2022-02-12T07:43:42.426Z] > git ls-files --stage -- /home/abdiweli/java script/script.js [1ms]
[2022-02-12T08:03:37.622Z] > git fetch [761ms]
[2022-02-12T08:03:37.715Z] > git symbolic-ref --short HEAD [1ms]
[2022-02-12T08:03:37.720Z] > git for-each-ref --format=%(refname)%00%(upstream:short)%00%(objectname)%00%(upstream:track) refs/heads/master refs/remotes/master [0ms]
[2022-02-12T08:03:37.728Z] > git for-each-ref --sort -committerdate --format %(refname) %(objectname) %(*objectname) [4ms]
[2022-02-12T08:03:37.729Z] > git remote --verbose [1ms]
[2022-02-12T08:03:37.799Z] > git config --get commit.template [1ms]
[2022-02-12T08:03:39.882Z] > git ls-files --stage -- /home/abdiweli/java script/script.js [1ms]
[2022-02-12T08:03:40.882Z] > git ls-files --stage -- /home/abdiweli/java script/readme.md [1ms]
[2022-02-12T08:36:30.047Z] > git fetch [929ms]
[2022-02-12T08:36:30.191Z] > git symbolic-ref --short HEAD [1ms]
[2022-02-12T08:36:30.196Z] > git for-each-ref --format=%(refname)%00%(upstream:short)%00%(objectname)%00%(upstream:track) refs/heads/master refs/remotes/master [1ms]
[2022-02-12T08:36:30.203Z] > git remote --verbose [1ms]
[2022-02-12T08:36:30.203Z] > git for-each-ref --sort -committerdate --format %(refname) %(objectname) %(*objectname) [4ms]
[2022-02-12T08:36:30.273Z] > git config --get commit.template [2ms]
[2022-02-12T08:36:30.284Z] > git ls-files --stage -- /home/abdiweli/java script/readme.md [1ms]
[2022-02-12T08:40:02.192Z] > git ls-files --stage -- /home/abdiweli/java script/readme.md [4ms]
[2022-02-12T08:40:02.821Z] > git fetch [1812ms]
[2022-02-12T08:40:02.926Z] > git symbolic-ref --short HEAD [0ms]
[2022-02-12T08:40:02.932Z] > git for-each-ref --format=%(refname)%00%(upstream:short)%00%(objectname)%00%(upstream:track) refs/heads/master refs/remotes/master [0ms]
[2022-02-12T08:40:02.939Z] > git remote --verbose [1ms]
[2022-02-12T08:40:02.939Z] > git for-each-ref --sort -committerdate --format %(refname) %(objectname) %(*objectname) [4ms]
[2022-02-12T08:40:03.010Z] > git config --get commit.template [2ms]
[2022-02-12T08:43:04.273Z] > git ls-files --stage -- /home/abdiweli/java script/readme.md [4ms]
[2022-02-12T08:43:04.854Z] > git fetch [1822ms]
[2022-02-12T08:43:04.988Z] > git symbolic-ref --short HEAD [1ms]
[2022-02-12T08:43:04.992Z] > git for-each-ref --format=%(refname)%00%(upstream:short)%00%(objectname)%00%(upstream:track) refs/heads/master refs/remotes/master [1ms]
[2022-02-12T08:43:05.000Z] > git remote --verbose [1ms]
[2022-02-12T08:43:05.000Z] > git for-each-ref --sort -committerdate --format %(refname) %(objectname) %(*objectname) [4ms]
[2022-02-12T08:43:05.067Z] > git config --get commit.template [1ms]
[2022-02-12T08:46:05.971Z] > git fetch [882ms]
[2022-02-12T08:46:06.110Z] > git symbolic-ref --short HEAD [2ms]
[2022-02-12T08:46:06.115Z] > git for-each-ref --format=%(refname)%00%(upstream:short)%00%(objectname)%00%(upstream:track) refs/heads/master refs/remotes/master [1ms]
[2022-02-12T08:46:06.122Z] > git remote --verbose [1ms]
[2022-02-12T08:46:06.122Z] > git for-each-ref --sort -committerdate --format %(refname) %(objectname) %(*objectname) [4ms]
[2022-02-12T08:46:06.191Z] > git config --get commit.template [0ms]
[2022-02-12T08:46:08.267Z] > git ls-files --stage -- /home/abdiweli/java script/readme.md [1ms]
[2022-02-12T08:49:07.229Z] > git fetch [1019ms]
[2022-02-12T08:49:07.367Z] > git symbolic-ref --short HEAD [1ms]
[2022-02-12T08:49:07.370Z] > git for-each-ref --format=%(refname)%00%(upstream:short)%00%(objectname)%00%(upstream:track) refs/heads/master refs/remotes/master [0ms]
[2022-02-12T08:49:07.376Z] > git remote --verbose [0ms]
[2022-02-12T08:49:07.377Z] > git for-each-ref --sort -committerdate --format %(refname) %(objectname) %(*objectname) [4ms]
[2022-02-12T08:49:07.441Z] > git config --get commit.template [1ms]
[2022-02-12T08:49:07.452Z] > git ls-files --stage -- /home/abdiweli/java script/readme.md [1ms]
[2022-02-12T08:52:08.398Z] > git fetch [934ms]
[2022-02-12T08:52:08.529Z] > git symbolic-ref --short HEAD [1ms]
[2022-02-12T08:52:08.535Z] > git for-each-ref --format=%(refname)%00%(upstream:short)%00%(objectname)%00%(upstream:track) refs/heads/master refs/remotes/master [1ms]
[2022-02-12T08:52:08.542Z] > git for-each-ref --sort -committerdate --format %(refname) %(objectname) %(*objectname) [4ms]
[2022-02-12T08:52:08.542Z] > git remote --verbose [1ms]
[2022-02-12T08:52:08.610Z] > git config --get commit.template [1ms]
[2022-02-12T08:52:10.719Z] > git ls-files --stage -- /home/abdiweli/java script/readme.md [0ms]
[2022-02-12T08:55:09.863Z] > git ls-files --stage -- /home/abdiweli/java script/readme.md [3ms]
[2022-02-12T08:55:09.940Z] > git fetch [1314ms]
[2022-02-12T08:55:10.076Z] > git symbolic-ref --short HEAD [0ms]
[2022-02-12T08:55:10.081Z] > git for-each-ref --format=%(refname)%00%(upstream:short)%00%(objectname)%00%(upstream:track) refs/heads/master refs/remotes/master [0ms]
[2022-02-12T08:55:10.088Z] > git remote --verbose [1ms]
[2022-02-12T08:55:10.088Z] > git for-each-ref --sort -committerdate --format %(refname) %(objectname) %(*objectname) [4ms]
[2022-02-12T08:55:10.154Z] > git config --get commit.template [1ms]
[2022-02-12T08:58:11.416Z] > git ls-files --stage -- /home/abdiweli/java script/readme.md [5ms]
[2022-02-12T08:58:12.639Z] > git fetch [2464ms]
[2022-02-12T08:58:12.773Z] > git symbolic-ref --short HEAD [1ms]
[2022-02-12T08:58:12.777Z] > git for-each-ref --format=%(refname)%00%(upstream:short)%00%(objectname)%00%(upstream:track) refs/heads/master refs/remotes/master [0ms]
[2022-02-12T08:58:12.785Z] > git remote --verbose [1ms]
[2022-02-12T08:58:12.785Z] > git for-each-ref --sort -committerdate --format %(refname) %(objectname) %(*objectname) [4ms]
[2022-02-12T08:58:12.852Z] > git config --get commit.template [1ms]
[2022-02-12T09:01:13.830Z] > git fetch [956ms]
[2022-02-12T09:01:13.925Z] > git symbolic-ref --short HEAD [1ms]
[2022-02-12T09:01:13.930Z] > git for-each-ref --format=%(refname)%00%(upstream:short)%00%(objectname)%00%(upstream:track) refs/heads/master refs/remotes/master [1ms]
[2022-02-12T09:01:13.937Z] > git remote --verbose [1ms]
[2022-02-12T09:01:13.937Z] > git for-each-ref --sort -committerdate --format %(refname) %(objectname) %(*objectname) [4ms]
[2022-02-12T09:01:14.001Z] > git config --get commit.template [2ms]
[2022-02-12T09:01:16.097Z] > git ls-files --stage -- /home/abdiweli/java script/readme.md [1ms]
[2022-02-12T09:04:14.980Z] > git fetch [961ms]
[2022-02-12T09:04:15.117Z] > git symbolic-ref --short HEAD [1ms]
[2022-02-12T09:04:15.121Z] > git for-each-ref --format=%(refname)%00%(upstream:short)%00%(objectname)%00%(upstream:track) refs/heads/master refs/remotes/master [0ms]
[2022-02-12T09:04:15.128Z] > git remote --verbose [1ms]
[2022-02-12T09:04:15.129Z] > git for-each-ref --sort -committerdate --format %(refname) %(objectname) %(*objectname) [5ms]
[2022-02-12T09:04:15.192Z] > git config --get commit.template [1ms]
[2022-02-12T09:04:15.239Z] > git ls-files --stage -- /home/abdiweli/java script/readme.md [0ms]
[2022-02-12T09:07:16.176Z] > git fetch [966ms]
[2022-02-12T09:07:16.310Z] > git symbolic-ref --short HEAD [1ms]
[2022-02-12T09:07:16.315Z] > git for-each-ref --format=%(refname)%00%(upstream:short)%00%(objectname)%00%(upstream:track) refs/heads/master refs/remotes/master [0ms]
[2022-02-12T09:07:16.323Z] > git remote --verbose [1ms]
[2022-02-12T09:07:16.323Z] > git for-each-ref --sort -committerdate --format %(refname) %(objectname) %(*objectname) [4ms]
[2022-02-12T09:07:16.391Z] > git config --get commit.template [2ms]
[2022-02-12T09:07:16.416Z] > git ls-files --stage -- /home/abdiweli/java script/readme.md [1ms]
[2022-02-12T09:10:17.281Z] > git fetch [874ms]
[2022-02-12T09:10:17.419Z] > git symbolic-ref --short HEAD [1ms]
[2022-02-12T09:10:17.422Z] > git for-each-ref --format=%(refname)%00%(upstream:short)%00%(objectname)%00%(upstream:track) refs/heads/master refs/remotes/master [0ms]
[2022-02-12T09:10:17.430Z] > git remote --verbose [2ms]
[2022-02-12T09:10:17.430Z] > git for-each-ref --sort -committerdate --format %(refname) %(objectname) %(*objectname) [5ms]
[2022-02-12T09:10:17.498Z] > git config --get commit.template [2ms]
[2022-02-12T09:10:19.562Z] > git ls-files --stage -- /home/abdiweli/java script/readme.md [1ms]
[2022-02-12T09:13:18.547Z] > git fetch [1032ms]
[2022-02-12T09:13:18.678Z] > git symbolic-ref --short HEAD [0ms]
[2022-02-12T09:13:18.684Z] > git for-each-ref --format=%(refname)%00%(upstream:short)%00%(objectname)%00%(upstream:track) refs/heads/master refs/remotes/master [1ms]
[2022-02-12T09:13:18.691Z] > git remote --verbose [1ms]
[2022-02-12T09:13:18.691Z] > git for-each-ref --sort -committerdate --format %(refname) %(objectname) %(*objectname) [3ms]
[2022-02-12T09:13:18.763Z] > git config --get commit.template [3ms]
[2022-02-12T09:13:18.774Z] > git ls-files --stage -- /home/abdiweli/java script/readme.md [3ms]
[2022-02-12T09:16:19.715Z] > git fetch [932ms]
[2022-02-12T09:16:19.856Z] > git symbolic-ref --short HEAD [1ms]
[2022-02-12T09:16:19.860Z] > git for-each-ref --format=%(refname)%00%(upstream:short)%00%(objectname)%00%(upstream:track) refs/heads/master refs/remotes/master [1ms]
[2022-02-12T09:16:19.868Z] > git remote --verbose [1ms]
[2022-02-12T09:16:19.868Z] > git for-each-ref --sort -committerdate --format %(refname) %(objectname) %(*objectname) [5ms]
[2022-02-12T09:16:19.937Z] > git config --get commit.template [1ms]
[2022-02-12T09:16:22.063Z] > git ls-files --stage -- /home/abdiweli/java script/readme.md [1ms]
[2022-02-12T09:19:20.858Z] > git fetch [904ms]
[2022-02-12T09:19:20.984Z] > git symbolic-ref --short HEAD [0ms]
[2022-02-12T09:19:20.988Z] > git for-each-ref --format=%(refname)%00%(upstream:short)%00%(objectname)%00%(upstream:track) refs/heads/master refs/remotes/master [0ms]
[2022-02-12T09:19:20.996Z] > git remote --verbose [1ms]
[2022-02-12T09:19:20.996Z] > git for-each-ref --sort -committerdate --format %(refname) %(objectname) %(*objectname) [4ms]
[2022-02-12T09:19:21.069Z] > git config --get commit.template [1ms]
[2022-02-12T09:19:23.217Z] > git ls-files --stage -- /home/abdiweli/java script/readme.md [1ms]
[2022-02-12T09:22:22.319Z] > git ls-files --stage -- /home/abdiweli/java script/readme.md [4ms]
[2022-02-12T09:22:22.849Z] > git fetch [1760ms]
[2022-02-12T09:22:22.978Z] > git symbolic-ref --short HEAD [1ms]
[2022-02-12T09:22:22.983Z] > git for-each-ref --format=%(refname)%00%(upstream:short)%00%(objectname)%00%(upstream:track) refs/heads/master refs/remotes/master [0ms]
[2022-02-12T09:22:22.991Z] > git remote --verbose [1ms]
[2022-02-12T09:22:22.991Z] > git for-each-ref --sort -committerdate --format %(refname) %(objectname) %(*objectname) [4ms]
[2022-02-12T09:22:23.063Z] > git config --get commit.template [3ms]
[2022-02-12T09:25:24.058Z] > git fetch [972ms]
[2022-02-12T09:25:24.192Z] > git symbolic-ref --short HEAD [1ms]
[2022-02-12T09:25:24.195Z] > git for-each-ref --format=%(refname)%00%(upstream:short)%00%(objectname)%00%(upstream:track) refs/heads/master refs/remotes/master [0ms]
[2022-02-12T09:25:24.204Z] > git remote --verbose [1ms]
[2022-02-12T09:25:24.204Z] > git for-each-ref --sort -committerdate --format %(refname) %(objectname) %(*objectname) [4ms]
[2022-02-12T09:25:24.274Z] > git config --get commit.template [1ms]
[2022-02-12T09:25:24.310Z] > git ls-files --stage -- /home/abdiweli/java script/readme.md [1ms]
[2022-02-12T09:28:25.169Z] > git fetch [878ms]
[2022-02-12T09:28:25.304Z] > git symbolic-ref --short HEAD [1ms]
[2022-02-12T09:28:25.309Z] > git for-each-ref --format=%(refname)%00%(upstream:short)%00%(objectname)%00%(upstream:track) refs/heads/master refs/remotes/master [1ms]
[2022-02-12T09:28:25.317Z] > git remote --verbose [1ms]
[2022-02-12T09:28:25.317Z] > git for-each-ref --sort -committerdate --format %(refname) %(objectname) %(*objectname) [5ms]
[2022-02-12T09:28:25.385Z] > git config --get commit.template [1ms]
[2022-02-12T09:28:27.477Z] > git ls-files --stage -- /home/abdiweli/java script/readme.md [0ms]
[2022-02-12T09:31:26.280Z] > git fetch [878ms]
[2022-02-12T09:31:26.416Z] > git symbolic-ref --short HEAD [0ms]
[2022-02-12T09:31:26.420Z] > git for-each-ref --format=%(refname)%00%(upstream:short)%00%(objectname)%00%(upstream:track) refs/heads/master refs/remotes/master [1ms]
[2022-02-12T09:31:26.427Z] > git remote --verbose [0ms]
[2022-02-12T09:31:26.428Z] > git for-each-ref --sort -committerdate --format %(refname) %(objectname) %(*objectname) [5ms]
[2022-02-12T09:31:26.496Z] > git config --get commit.template [2ms]
[2022-02-12T09:31:28.595Z] > git ls-files --stage -- /home/abdiweli/java script/readme.md [1ms]
[2022-02-12T09:34:27.440Z] > git fetch [926ms]
[2022-02-12T09:34:27.571Z] > git symbolic-ref --short HEAD [1ms]
[2022-02-12T09:34:27.575Z] > git for-each-ref --format=%(refname)%00%(upstream:short)%00%(objectname)%00%(upstream:track) refs/heads/master refs/remotes/master [1ms]
[2022-02-12T09:34:27.583Z] > git remote --verbose [1ms]
[2022-02-12T09:34:27.583Z] > git for-each-ref --sort -committerdate --format %(refname) %(objectname) %(*objectname) [4ms]
[2022-02-12T09:34:27.651Z] > git config --get commit.template [2ms]
[2022-02-12T09:34:29.731Z] > git ls-files --stage -- /home/abdiweli/java script/readme.md [0ms]
[2022-02-12T09:37:28.526Z] > git fetch [857ms]
[2022-02-12T09:37:28.658Z] > git symbolic-ref --short HEAD [1ms]
[2022-02-12T09:37:28.663Z] > git for-each-ref --format=%(refname)%00%(upstream:short)%00%(objectname)%00%(upstream:track) refs/heads/master refs/remotes/master [1ms]
[2022-02-12T09:37:28.669Z] > git remote --verbose [1ms]
[2022-02-12T09:37:28.669Z] > git for-each-ref --sort -committerdate --format %(refname) %(objectname) %(*objectname) [4ms]
[2022-02-12T09:37:28.734Z] > git config --get commit.template [1ms]
[2022-02-12T09:37:30.816Z] > git ls-files --stage -- /home/abdiweli/java script/readme.md [1ms]
[2022-02-12T09:40:29.871Z] > git fetch [1120ms]
[2022-02-12T09:40:29.967Z] > git ls-files --stage -- /home/abdiweli/java script/readme.md [1ms]
[2022-02-12T09:40:30.005Z] > git symbolic-ref --short HEAD [1ms]
[2022-02-12T09:40:30.010Z] > git for-each-ref --format=%(refname)%00%(upstream:short)%00%(objectname)%00%(upstream:track) refs/heads/master refs/remotes/master [1ms]
[2022-02-12T09:40:30.017Z] > git remote --verbose [1ms]
[2022-02-12T09:40:30.017Z] > git for-each-ref --sort -committerdate --format %(refname) %(objectname) %(*objectname) [4ms]
[2022-02-12T09:40:30.083Z] > git config --get commit.template [1ms]
[2022-02-12T09:43:30.902Z] > git fetch [800ms]
[2022-02-12T09:43:31.027Z] > git symbolic-ref --short HEAD [1ms]
[2022-02-12T09:43:31.031Z] > git for-each-ref --format=%(refname)%00%(upstream:short)%00%(objectname)%00%(upstream:track) refs/heads/master refs/remotes/master [0ms]
[2022-02-12T09:43:31.039Z] > git for-each-ref --sort -committerdate --format %(refname) %(objectname) %(*objectname) [4ms]
[2022-02-12T09:43:31.039Z] > git remote --verbose [1ms]
[2022-02-12T09:43:31.109Z] > git config --get commit.template [1ms]
[2022-02-12T09:43:33.251Z] > git ls-files --stage -- /home/abdiweli/java script/readme.md [1ms]
[2022-02-12T09:46:31.965Z] > git fetch [840ms]
[2022-02-12T09:46:32.098Z] > git symbolic-ref --short HEAD [0ms]
[2022-02-12T09:46:32.102Z] > git for-each-ref --format=%(refname)%00%(upstream:short)%00%(objectname)%00%(upstream:track) refs/heads/master refs/remotes/master [1ms]
[2022-02-12T09:46:32.110Z] > git remote --verbose [1ms]
[2022-02-12T09:46:32.110Z] > git for-each-ref --sort -committerdate --format %(refname) %(objectname) %(*objectname) [4ms]
[2022-02-12T09:46:32.177Z] > git config --get commit.template [1ms]
[2022-02-12T09:46:34.286Z] > git ls-files --stage -- /home/abdiweli/java script/readme.md [1ms]
[2022-02-12T09:49:33.177Z] > git fetch [980ms]
[2022-02-12T09:49:33.305Z] > git symbolic-ref --short HEAD [1ms]
[2022-02-12T09:49:33.311Z] > git for-each-ref --format=%(refname)%00%(upstream:short)%00%(objectname)%00%(upstream:track) refs/heads/master refs/remotes/master [1ms]
[2022-02-12T09:49:33.318Z] > git for-each-ref --sort -committerdate --format %(refname) %(objectname) %(*objectname) [3ms]
[2022-02-12T09:49:33.318Z] > git remote --verbose [0ms]
[2022-02-12T09:49:33.390Z] > git config --get commit.template [0ms]
[2022-02-12T09:49:33.422Z] > git ls-files --stage -- /home/abdiweli/java script/readme.md [1ms]
[2022-02-12T09:52:34.401Z] > git fetch [988ms]
[2022-02-12T09:52:34.537Z] > git symbolic-ref --short HEAD [3ms]
[2022-02-12T09:52:34.543Z] > git for-each-ref --format=%(refname)%00%(upstream:short)%00%(objectname)%00%(upstream:track) refs/heads/master refs/remotes/master [1ms]
[2022-02-12T09:52:34.550Z] > git remote --verbose [1ms]
[2022-02-12T09:52:34.550Z] > git for-each-ref --sort -committerdate --format %(refname) %(objectname) %(*objectname) [4ms]
[2022-02-12T09:52:34.616Z] > git config --get commit.template [1ms]
[2022-02-12T09:52:34.629Z] > git ls-files --stage -- /home/abdiweli/java script/readme.md [4ms]
[2022-02-12T09:55:35.516Z] > git fetch [879ms]
[2022-02-12T09:55:35.650Z] > git symbolic-ref --short HEAD [1ms]
[2022-02-12T09:55:35.655Z] > git for-each-ref --format=%(refname)%00%(upstream:short)%00%(objectname)%00%(upstream:track) refs/heads/master refs/remotes/master [1ms]
[2022-02-12T09:55:35.662Z] > git remote --verbose [0ms]
[2022-02-12T09:55:35.663Z] > git for-each-ref --sort -committerdate --format %(refname) %(objectname) %(*objectname) [4ms]
[2022-02-12T09:55:35.731Z] > git config --get commit.template [2ms]
[2022-02-12T09:55:37.814Z] > git ls-files --stage -- /home/abdiweli/java script/readme.md [0ms]
[2022-02-12T09:58:36.740Z] > git fetch [988ms]
[2022-02-12T09:58:36.868Z] > git symbolic-ref --short HEAD [1ms]
[2022-02-12T09:58:36.874Z] > git for-each-ref --format=%(refname)%00%(upstream:short)%00%(objectname)%00%(upstream:track) refs/heads/master refs/remotes/master [1ms]
[2022-02-12T09:58:36.882Z] > git for-each-ref --sort -committerdate --format %(refname) %(objectname) %(*objectname) [4ms]
[2022-02-12T09:58:36.882Z] > git remote --verbose [1ms]
[2022-02-12T09:58:36.951Z] > git config --get commit.template [1ms]
[2022-02-12T09:58:36.974Z] > git ls-files --stage -- /home/abdiweli/java script/readme.md [1ms]
[2022-02-12T10:50:06.390Z] > git fetch [959ms]
[2022-02-12T10:50:06.552Z] > git symbolic-ref --short HEAD [1ms]
[2022-02-12T10:50:06.556Z] > git for-each-ref --format=%(refname)%00%(upstream:short)%00%(objectname)%00%(upstream:track) refs/heads/master refs/remotes/master [1ms]
[2022-02-12T10:50:06.562Z] > git remote --verbose [1ms]
[2022-02-12T10:50:06.562Z] > git for-each-ref --sort -committerdate --format %(refname) %(objectname) %(*objectname) [3ms]
[2022-02-12T10:50:06.627Z] > git config --get commit.template [1ms]
[2022-02-12T10:50:06.637Z] > git ls-files --stage -- /home/abdiweli/java script/readme.md [2ms]
[2022-02-12T10:55:55.327Z] > git fetch [973ms]
[2022-02-12T10:55:55.466Z] > git symbolic-ref --short HEAD [1ms]
[2022-02-12T10:55:55.471Z] > git for-each-ref --format=%(refname)%00%(upstream:short)%00%(objectname)%00%(upstream:track) refs/heads/master refs/remotes/master [1ms]
[2022-02-12T10:55:55.479Z] > git remote --verbose [1ms]
[2022-02-12T10:55:55.479Z] > git for-each-ref --sort -committerdate --format %(refname) %(objectname) %(*objectname) [4ms]
[2022-02-12T10:55:55.553Z] > git config --get commit.template [2ms]
[2022-02-12T10:55:55.562Z] > git ls-files --stage -- /home/abdiweli/java script/readme.md [1ms]
[2022-02-12T10:55:57.637Z] > git ls-files --stage -- /home/abdiweli/java script/script.js [1ms]
[2022-02-12T10:56:00.423Z] > git ls-files --stage -- /home/abdiweli/java script/index.html [6ms]
[2022-02-12T10:57:18.516Z] > git ls-files --stage -- /home/abdiweli/java script/script.js [1ms]
[2022-02-12T10:58:15.068Z] > git ls-files --stage -- /home/abdiweli/java script/index.html [1ms]
[2022-02-12T10:58:28.682Z] > git ls-files --stage -- /home/abdiweli/java script/script.js [3ms]
[2022-02-12T10:58:41.723Z] > git ls-files --stage -- /home/abdiweli/java script/index.html [1ms]
[2022-02-12T13:14:39.424Z] > git fetch [923ms]
[2022-02-12T13:14:39.696Z] > git ls-files --stage -- /home/abdiweli/java script/index.html [4ms]
[2022-02-12T13:14:40.786Z] > git symbolic-ref --short HEAD [1ms]
[2022-02-12T13:14:40.791Z] > git for-each-ref --format=%(refname)%00%(upstream:short)%00%(objectname)%00%(upstream:track) refs/heads/master refs/remotes/master [1ms]
[2022-02-12T13:14:40.799Z] > git remote --verbose [2ms]
[2022-02-12T13:14:40.799Z] > git for-each-ref --sort -committerdate --format %(refname) %(objectname) %(*objectname) [5ms]
[2022-02-12T13:14:40.868Z] > git config --get commit.template [3ms]
