[Info  - 11:20:08.958] Reading sessions from keychain...
[Info  - 11:20:08.974] Getting sessions for user:email...
[Info  - 11:20:08.989] Got 0 sessions for user:email...
[Info  - 11:20:08.998] Getting sessions for all scopes...
[Info  - 11:20:08.998] Got 0 sessions for ...
[Info  - 12:09:07.346] Getting sessions for repo,workflow...
[Info  - 12:09:07.346] Got 0 sessions for repo,workflow...
[Info  - 12:09:56.133] Getting sessions for repo,workflow...
[Info  - 12:09:56.133] Got 0 sessions for repo,workflow...
[Info  - 12:13:05.433] Getting sessions for repo,workflow...
[Info  - 12:13:05.434] Got 0 sessions for repo,workflow...
[Info  - 12:26:06.90] Getting sessions for repo,workflow...
[Info  - 12:26:06.91] Got 0 sessions for repo,workflow...
[Info  - 12:27:14.381] Getting sessions for repo,workflow...
[Info  - 12:27:14.381] Got 0 sessions for repo,workflow...
[Info  - 12:27:16.563] Logging in for the following scopes: repo workflow
[Info  - 12:36:54.971] Getting sessions for repo,workflow...
[Info  - 12:36:54.971] Got 0 sessions for repo,workflow...
[Info  - 12:37:49.93] Getting sessions for repo,workflow...
[Info  - 12:37:49.93] Got 0 sessions for repo,workflow...
[Info  - 13:19:40.151] Getting sessions for repo,workflow...
[Info  - 13:19:40.151] Got 0 sessions for repo,workflow...
[Info  - 13:22:55.372] Getting sessions for repo,workflow...
[Info  - 13:22:55.372] Got 0 sessions for repo,workflow...
[Info  - 13:23:55.426] Getting sessions for repo,workflow...
[Info  - 13:23:55.426] Got 0 sessions for repo,workflow...
[Info  - 13:27:55.151] Getting sessions for repo,workflow...
[Info  - 13:27:55.151] Got 0 sessions for repo,workflow...
