[2022-02-08T08:19:29.681Z] Validating found git in: git
[2022-02-08T08:19:29.735Z] Using git 2.25.1 from git
[2022-02-08T08:19:29.799Z] > git rev-parse --git-dir [35ms]
[2022-02-08T08:19:29.802Z] Open repository: /home/abdiweli/Pictures/code 
[2022-02-08T08:19:29.826Z] > git symbolic-ref --short HEAD [1ms]
[2022-02-08T08:19:29.835Z] > git for-each-ref --format=%(refname)%00%(upstream:short)%00%(objectname)%00%(upstream:track) refs/heads/main refs/remotes/main [4ms]
[2022-02-08T08:19:29.850Z] > git remote --verbose [3ms]
[2022-02-08T08:19:29.851Z] > git for-each-ref --sort -committerdate --format %(refname) %(objectname) %(*objectname) [13ms]
[2022-02-08T08:19:29.880Z] > git config --get commit.template [22ms]
[2022-02-08T08:19:30.139Z] > git ls-files --stage -- /home/abdiweli/Pictures/code /Sidebar Menu - Dark Light Mode/script.js [4ms]
[2022-02-08T08:19:30.158Z] > git cat-file -s 8eede8a5980bf7049564e6577807e2c20dc4eea1 [4ms]
[2022-02-08T08:19:34.077Z] > git ls-files --stage -- /home/abdiweli/Pictures/code /Sidebar Menu - Dark Light Mode/script.js [1ms]
[2022-02-08T08:19:34.080Z] > git cat-file -s 8eede8a5980bf7049564e6577807e2c20dc4eea1 [0ms]
[2022-02-08T08:19:35.915Z] > git ls-files --stage -- /home/abdiweli/Pictures/code /Sidebar Menu - Dark Light Mode/index.html [1ms]
[2022-02-08T08:19:35.918Z] > git cat-file -s 63bffeaea5943dd3151f62edc8ce39ddfe294107 [0ms]
[2022-02-08T08:19:37.936Z] > git fetch [5036ms]
[2022-02-08T08:19:37.943Z] > git symbolic-ref --short HEAD [1ms]
[2022-02-08T08:19:37.946Z] > git for-each-ref --format=%(refname)%00%(upstream:short)%00%(objectname)%00%(upstream:track) refs/heads/main refs/remotes/main [0ms]
[2022-02-08T08:19:37.951Z] > git for-each-ref --sort -committerdate --format %(refname) %(objectname) %(*objectname) [2ms]
[2022-02-08T08:19:37.952Z] > git remote --verbose [1ms]
[2022-02-08T08:19:37.956Z] > git config --get commit.template [1ms]
[2022-02-08T08:19:39.020Z] > git symbolic-ref --short HEAD [4ms]
[2022-02-08T08:19:39.034Z] > git for-each-ref --format=%(refname)%00%(upstream:short)%00%(objectname)%00%(upstream:track) refs/heads/main refs/remotes/main [3ms]
[2022-02-08T08:19:39.057Z] > git for-each-ref --sort -committerdate --format %(refname) %(objectname) %(*objectname) [13ms]
[2022-02-08T08:19:39.058Z] > git remote --verbose [3ms]
[2022-02-08T08:19:39.069Z] > git config --get commit.template [1ms]
[2022-02-08T08:19:39.106Z] > git ls-files --stage -- /home/abdiweli/Pictures/code /Sidebar Menu - Dark Light Mode/index.html [9ms]
[2022-02-08T08:19:39.115Z] > git cat-file -s 63bffeaea5943dd3151f62edc8ce39ddfe294107 [2ms]
