[2022-02-12 09:16:25.296] [exthost] [info] Extension host with pid 120892 started
[2022-02-12 09:16:25.296] [exthost] [info] Skipping acquiring lock for /home/abdiweli/.config/Code/User/workspaceStorage/725095ef9c5eec02c503eb2da3b5fa34.
[2022-02-12 09:16:25.335] [exthost] [info] ExtensionService#_doActivateExtension vscode.extension-editing, startup: false, activationEvent: 'onLanguage:markdown'
[2022-02-12 09:16:25.349] [exthost] [info] ExtensionService#_doActivateExtension vscode.markdown-language-features, startup: false, activationEvent: 'onLanguage:markdown'
[2022-02-12 09:16:25.393] [exthost] [info] ExtensionService#_doActivateExtension vscode.microsoft-authentication, startup: false, activationEvent: 'onAuthenticationRequest:microsoft'
[2022-02-12 09:16:25.424] [exthost] [info] ExtensionService#_doActivateExtension vscode.debug-auto-launch, startup: true, activationEvent: '*'
[2022-02-12 09:16:25.427] [exthost] [info] ExtensionService#_doActivateExtension vscode.git-base, startup: true, activationEvent: '*', root cause: vscode.github
[2022-02-12 09:16:25.430] [exthost] [info] ExtensionService#_doActivateExtension Equinusocio.vsc-material-theme, startup: true, activationEvent: '*'
[2022-02-12 09:16:25.439] [exthost] [info] ExtensionService#_doActivateExtension equinusocio.vsc-material-theme-icons, startup: true, activationEvent: '*'
[2022-02-12 09:16:25.467] [exthost] [info] ExtensionService#_doActivateExtension mcright.auto-save, startup: true, activationEvent: '*'
[2022-02-12 09:16:25.868] [exthost] [info] ExtensionService#_doActivateExtension vscode.git, startup: false, activationEvent: '*'
[2022-02-12 09:16:25.927] [exthost] [info] ExtensionService#_doActivateExtension vscode.github, startup: false, activationEvent: '*'
[2022-02-12 09:16:25.939] [exthost] [info] ExtensionService#_doActivateExtension vscode.markdown-math, startup: false, activationEvent: 'api', root cause: vscode.markdown-language-features
[2022-02-12 09:16:26.167] [exthost] [info] Eager extensions activated
[2022-02-12 09:16:26.170] [exthost] [info] ExtensionService#_doActivateExtension vscode.github-authentication, startup: false, activationEvent: 'onAuthenticationRequest:github'
[2022-02-12 09:16:26.277] [exthost] [info] ExtensionService#_doActivateExtension vscode.emmet, startup: false, activationEvent: 'onStartupFinished'
[2022-02-12 09:16:26.296] [exthost] [info] ExtensionService#_doActivateExtension vscode.merge-conflict, startup: false, activationEvent: 'onStartupFinished'
[2022-02-12 09:16:26.300] [exthost] [info] ExtensionService#_doActivateExtension PKief.material-icon-theme, startup: false, activationEvent: 'onStartupFinished'
[2022-02-12 09:16:30.372] [exthost] [warning] [Decorations] CAPPING events from decorations provider vscode.git 10000
[2022-02-12 09:16:31.637] [exthost] [warning] [Decorations] CAPPING events from decorations provider vscode.git 10000
[2022-02-12 09:19:48.575] [exthost] [warning] [Decorations] CAPPING events from decorations provider vscode.git 10007
[2022-02-12 09:22:25.928] [exthost] [info] ExtensionService#_doActivateExtension vscode.html-language-features, startup: false, activationEvent: 'onLanguage:html'
[2022-02-12 09:22:25.949] [exthost] [info] ExtensionService#_doActivateExtension ritwickdey.LiveServer, startup: false, activationEvent: 'onLanguage:html'
[2022-02-12 09:22:38.323] [exthost] [info] ExtensionService#_doActivateExtension vscode.typescript-language-features, startup: false, activationEvent: 'onLanguage:javascript'
