[2022-02-12T06:16:25.993Z] Validating found git in: git
[2022-02-12T06:16:26.134Z] Using git 2.25.1 from git
[2022-02-12T06:16:26.322Z] > git rev-parse --git-dir [59ms]
[2022-02-12T06:16:26.327Z] Open repository: /home/abdiweli
[2022-02-12T06:16:26.669Z] > git ls-files --stage -- /home/abdiweli/java script/readme.md [2ms]
[2022-02-12T06:16:27.598Z] > git fetch [1260ms]
[2022-02-12T06:16:30.290Z] > git symbolic-ref --short HEAD [2ms]
[2022-02-12T06:16:30.294Z] > git for-each-ref --format=%(refname)%00%(upstream:short)%00%(objectname)%00%(upstream:track) refs/heads/master refs/remotes/master [1ms]
[2022-02-12T06:16:30.300Z] > git for-each-ref --sort -committerdate --format %(refname) %(objectname) %(*objectname) [3ms]
[2022-02-12T06:16:30.300Z] > git remote --verbose [1ms]
[2022-02-12T06:16:30.389Z] > git config --get commit.template [1ms]
[2022-02-12T06:16:31.549Z] > git symbolic-ref --short HEAD [1ms]
[2022-02-12T06:16:31.554Z] > git for-each-ref --format=%(refname)%00%(upstream:short)%00%(objectname)%00%(upstream:track) refs/heads/master refs/remotes/master [1ms]
[2022-02-12T06:16:31.561Z] > git for-each-ref --sort -committerdate --format %(refname) %(objectname) %(*objectname) [4ms]
[2022-02-12T06:16:31.562Z] > git remote --verbose [1ms]
[2022-02-12T06:16:31.651Z] > git config --get commit.template [0ms]
[2022-02-12T06:19:48.406Z] > git fetch [955ms]
[2022-02-12T06:19:48.502Z] > git symbolic-ref --short HEAD [1ms]
[2022-02-12T06:19:48.507Z] > git for-each-ref --format=%(refname)%00%(upstream:short)%00%(objectname)%00%(upstream:track) refs/heads/master refs/remotes/master [1ms]
[2022-02-12T06:19:48.514Z] > git remote --verbose [1ms]
[2022-02-12T06:19:48.514Z] > git for-each-ref --sort -committerdate --format %(refname) %(objectname) %(*objectname) [4ms]
[2022-02-12T06:19:48.591Z] > git config --get commit.template [3ms]
[2022-02-12T06:19:48.613Z] > git ls-files --stage -- /home/abdiweli/java script/readme.md [1ms]
[2022-02-12T06:22:26.144Z] > git ls-files --stage -- /home/abdiweli/java script/index.html [2ms]
[2022-02-12T06:22:38.556Z] > git ls-files --stage -- /home/abdiweli/java script/script.js [1ms]
[2022-02-12T06:22:44.539Z] > git ls-files --stage -- /home/abdiweli/java script/index.html [4ms]
