[2022-02-16 11:54:33.822] [exthost] [info] Extension host with pid 4464 started
[2022-02-16 11:54:33.822] [exthost] [info] Skipping acquiring lock for /home/abdiweli/.config/Code/User/workspaceStorage/725095ef9c5eec02c503eb2da3b5fa34.
[2022-02-16 11:54:33.909] [exthost] [info] ExtensionService#_doActivateExtension vscode.extension-editing, startup: false, activationEvent: 'onLanguage:markdown'
[2022-02-16 11:54:33.915] [exthost] [info] ExtensionService#_doActivateExtension vscode.markdown-language-features, startup: false, activationEvent: 'onLanguage:markdown'
[2022-02-16 11:54:33.948] [exthost] [info] ExtensionService#_doActivateExtension vscode.microsoft-authentication, startup: false, activationEvent: 'onAuthenticationRequest:microsoft'
[2022-02-16 11:54:33.961] [exthost] [info] ExtensionService#_doActivateExtension vscode.debug-auto-launch, startup: true, activationEvent: '*'
[2022-02-16 11:54:33.963] [exthost] [info] ExtensionService#_doActivateExtension vscode.git-base, startup: true, activationEvent: '*', root cause: vscode.github
[2022-02-16 11:54:33.965] [exthost] [info] ExtensionService#_doActivateExtension Equinusocio.vsc-material-theme, startup: true, activationEvent: '*'
[2022-02-16 11:54:33.970] [exthost] [info] ExtensionService#_doActivateExtension equinusocio.vsc-material-theme-icons, startup: true, activationEvent: '*'
[2022-02-16 11:54:33.989] [exthost] [info] ExtensionService#_doActivateExtension mcright.auto-save, startup: true, activationEvent: '*'
[2022-02-16 11:54:34.316] [exthost] [info] ExtensionService#_doActivateExtension vscode.git, startup: false, activationEvent: '*'
[2022-02-16 11:54:34.336] [exthost] [info] ExtensionService#_doActivateExtension vscode.github, startup: false, activationEvent: '*'
[2022-02-16 11:54:34.340] [exthost] [info] ExtensionService#_doActivateExtension vscode.markdown-math, startup: false, activationEvent: 'api', root cause: vscode.markdown-language-features
[2022-02-16 11:54:34.438] [exthost] [info] ExtensionService#_doActivateExtension vscode.github-authentication, startup: false, activationEvent: 'onAuthenticationRequest:github'
[2022-02-16 11:54:34.533] [exthost] [info] Eager extensions activated
[2022-02-16 11:54:34.606] [exthost] [info] ExtensionService#_doActivateExtension vscode.emmet, startup: false, activationEvent: 'onStartupFinished'
[2022-02-16 11:54:34.614] [exthost] [info] ExtensionService#_doActivateExtension vscode.merge-conflict, startup: false, activationEvent: 'onStartupFinished'
[2022-02-16 11:54:34.618] [exthost] [info] ExtensionService#_doActivateExtension PKief.material-icon-theme, startup: false, activationEvent: 'onStartupFinished'
[2022-02-16 11:54:35.665] [exthost] [info] ExtensionService#_doActivateExtension vscode.typescript-language-features, startup: false, activationEvent: 'onLanguage:javascript'
[2022-02-16 11:54:35.677] [exthost] [info] ExtensionService#_doActivateExtension ritwickdey.LiveServer, startup: false, activationEvent: 'onLanguage:javascript'
