[2022-02-21T10:45:53.592Z] Validating found git in: git
[2022-02-21T10:45:53.655Z] Using git 2.25.1 from git
[2022-02-21T10:45:53.719Z] > git rev-parse --git-dir [3ms]
[2022-02-21T10:45:53.722Z] Open repository: /home/abdiweli
[2022-02-21T10:45:54.037Z] > git ls-files --stage -- /home/abdiweli/Desktop/project/indextcode.html [2ms]
[2022-02-21T10:45:54.706Z] > git fetch [976ms]
[2022-02-21T10:45:57.748Z] > git symbolic-ref --short HEAD [1ms]
[2022-02-21T10:45:57.751Z] > git for-each-ref --format=%(refname)%00%(upstream:short)%00%(objectname)%00%(upstream:track) refs/heads/master refs/remotes/master [1ms]
[2022-02-21T10:45:57.757Z] > git for-each-ref --sort -committerdate --format %(refname) %(objectname) %(*objectname) [3ms]
[2022-02-21T10:45:57.757Z] > git remote --verbose [1ms]
[2022-02-21T10:45:57.851Z] > git config --get commit.template [1ms]
[2022-02-21T10:45:58.954Z] > git symbolic-ref --short HEAD [1ms]
[2022-02-21T10:45:58.958Z] > git for-each-ref --format=%(refname)%00%(upstream:short)%00%(objectname)%00%(upstream:track) refs/heads/master refs/remotes/master [1ms]
[2022-02-21T10:45:58.965Z] > git for-each-ref --sort -committerdate --format %(refname) %(objectname) %(*objectname) [4ms]
[2022-02-21T10:45:58.965Z] > git remote --verbose [1ms]
[2022-02-21T10:45:59.030Z] > git config --get commit.template [1ms]
[2022-02-21T10:47:38.946Z] > git ls-files --stage -- /home/abdiweli/Desktop/project/style.css [2ms]
[2022-02-21T10:50:01.965Z] > git fetch [1020ms]
[2022-02-21T10:50:02.059Z] > git symbolic-ref --short HEAD [2ms]
[2022-02-21T10:50:02.063Z] > git for-each-ref --format=%(refname)%00%(upstream:short)%00%(objectname)%00%(upstream:track) refs/heads/master refs/remotes/master [0ms]
[2022-02-21T10:50:02.069Z] > git for-each-ref --sort -committerdate --format %(refname) %(objectname) %(*objectname) [3ms]
[2022-02-21T10:50:02.069Z] > git remote --verbose [1ms]
[2022-02-21T10:50:02.149Z] > git config --get commit.template [3ms]
[2022-02-21T10:50:02.159Z] > git ls-files --stage -- /home/abdiweli/Desktop/project/style.css [1ms]
[2022-02-21T10:50:17.911Z] > git ls-files --stage -- /home/abdiweli/Desktop/project/indextcode.html [3ms]
[2022-02-21T10:53:47.549Z] > git fetch [989ms]
[2022-02-21T10:53:47.643Z] > git symbolic-ref --short HEAD [0ms]
[2022-02-21T10:53:47.649Z] > git for-each-ref --format=%(refname)%00%(upstream:short)%00%(objectname)%00%(upstream:track) refs/heads/master refs/remotes/master [1ms]
[2022-02-21T10:53:47.655Z] > git for-each-ref --sort -committerdate --format %(refname) %(objectname) %(*objectname) [3ms]
[2022-02-21T10:53:47.655Z] > git remote --verbose [0ms]
[2022-02-21T10:53:47.728Z] > git config --get commit.template [1ms]
[2022-02-21T10:53:47.740Z] > git ls-files --stage -- /home/abdiweli/Desktop/project/indextcode.html [1ms]
[2022-02-21T10:53:49.766Z] > git ls-files --stage -- /home/abdiweli/Desktop/project/style.css [0ms]
[2022-02-21T10:56:56.037Z] > git fetch [873ms]
[2022-02-21T10:56:56.129Z] > git symbolic-ref --short HEAD [1ms]
[2022-02-21T10:56:56.133Z] > git for-each-ref --format=%(refname)%00%(upstream:short)%00%(objectname)%00%(upstream:track) refs/heads/master refs/remotes/master [1ms]
[2022-02-21T10:56:56.139Z] > git for-each-ref --sort -committerdate --format %(refname) %(objectname) %(*objectname) [3ms]
[2022-02-21T10:56:56.139Z] > git remote --verbose [1ms]
[2022-02-21T10:56:56.211Z] > git config --get commit.template [1ms]
[2022-02-21T10:56:58.242Z] > git ls-files --stage -- /home/abdiweli/Desktop/project/style.css [1ms]
[2022-02-21T10:57:09.886Z] > git ls-files --stage -- /home/abdiweli/Desktop/project/indextcode.html [1ms]
[2022-02-21T10:57:33.811Z] > git ls-files --stage -- /home/abdiweli/Desktop/project/style.css [6ms]
[2022-02-21T10:58:55.621Z] > git ls-files --stage -- /home/abdiweli/Desktop/project/indextcode.html [0ms]
[2022-02-21T10:59:09.997Z] > git ls-files --stage -- /home/abdiweli/Desktop/project/style.css [3ms]
[2022-02-21T10:59:37.176Z] > git log --format=%H%n%aN%n%aE%n%at%n%ct%n%P%n%B -z -n21 -- /home/abdiweli/Desktop/project/indextcode.html [1ms]
[2022-02-21T10:59:37.176Z] fatal: your current branch 'master' does not have any commits yet
[2022-02-21T10:59:37.367Z] > git ls-files --stage -- /home/abdiweli/Desktop/project/indextcode.html [3ms]
[2022-02-21T11:01:02.530Z] > git fetch [1152ms]
[2022-02-21T11:01:02.541Z] > git ls-files --stage -- /home/abdiweli/Desktop/project/style.css [1ms]
[2022-02-21T11:01:02.623Z] > git symbolic-ref --short HEAD [1ms]
[2022-02-21T11:01:02.626Z] > git for-each-ref --format=%(refname)%00%(upstream:short)%00%(objectname)%00%(upstream:track) refs/heads/master refs/remotes/master [0ms]
[2022-02-21T11:01:02.632Z] > git remote --verbose [1ms]
[2022-02-21T11:01:02.632Z] > git for-each-ref --sort -committerdate --format %(refname) %(objectname) %(*objectname) [3ms]
[2022-02-21T11:01:02.700Z] > git config --get commit.template [1ms]
[2022-02-21T11:02:19.914Z] > git ls-files --stage -- /home/abdiweli/Desktop/project/indextcode.html [1ms]
[2022-02-21T11:02:45.085Z] > git ls-files --stage -- /home/abdiweli/Desktop/project/style.css [4ms]
[2022-02-21T11:03:24.949Z] > git ls-files --stage -- /home/abdiweli/Desktop/project/indextcode.html [0ms]
