[2022-02-16T06:33:50.914Z] Validating found git in: git
[2022-02-16T06:33:51.187Z] Using git 2.25.1 from git
[2022-02-16T06:33:51.372Z] > git rev-parse --git-dir [25ms]
[2022-02-16T06:33:51.374Z] Open repository: /home/abdiweli
[2022-02-16T06:33:51.697Z] > git ls-files --stage -- /home/abdiweli/java script/index.html [2ms]
[2022-02-16T06:33:52.836Z] > git fetch [1455ms]
[2022-02-16T06:33:55.980Z] > git symbolic-ref --short HEAD [1ms]
[2022-02-16T06:33:55.991Z] > git for-each-ref --format=%(refname)%00%(upstream:short)%00%(objectname)%00%(upstream:track) refs/heads/master refs/remotes/master [2ms]
[2022-02-16T06:33:56.006Z] > git remote --verbose [2ms]
[2022-02-16T06:33:56.007Z] > git for-each-ref --sort -committerdate --format %(refname) %(objectname) %(*objectname) [9ms]
[2022-02-16T06:33:56.117Z] > git config --get commit.template [1ms]
[2022-02-16T06:33:57.238Z] > git symbolic-ref --short HEAD [1ms]
[2022-02-16T06:33:57.245Z] > git for-each-ref --format=%(refname)%00%(upstream:short)%00%(objectname)%00%(upstream:track) refs/heads/master refs/remotes/master [1ms]
[2022-02-16T06:33:57.255Z] > git for-each-ref --sort -committerdate --format %(refname) %(objectname) %(*objectname) [5ms]
[2022-02-16T06:33:57.256Z] > git remote --verbose [1ms]
[2022-02-16T06:33:57.326Z] > git config --get commit.template [0ms]
[2022-02-16T06:36:58.408Z] > git fetch [1072ms]
[2022-02-16T06:36:58.507Z] > git symbolic-ref --short HEAD [1ms]
[2022-02-16T06:36:58.510Z] > git for-each-ref --format=%(refname)%00%(upstream:short)%00%(objectname)%00%(upstream:track) refs/heads/master refs/remotes/master [0ms]
[2022-02-16T06:36:58.516Z] > git remote --verbose [1ms]
[2022-02-16T06:36:58.516Z] > git for-each-ref --sort -committerdate --format %(refname) %(objectname) %(*objectname) [3ms]
[2022-02-16T06:36:58.589Z] > git config --get commit.template [1ms]
[2022-02-16T06:36:58.600Z] > git ls-files --stage -- /home/abdiweli/java script/index.html [2ms]
[2022-02-16T06:39:59.406Z] > git fetch [808ms]
[2022-02-16T06:39:59.502Z] > git symbolic-ref --short HEAD [1ms]
[2022-02-16T06:39:59.505Z] > git for-each-ref --format=%(refname)%00%(upstream:short)%00%(objectname)%00%(upstream:track) refs/heads/master refs/remotes/master [0ms]
[2022-02-16T06:39:59.512Z] > git for-each-ref --sort -committerdate --format %(refname) %(objectname) %(*objectname) [3ms]
[2022-02-16T06:39:59.512Z] > git remote --verbose [0ms]
[2022-02-16T06:39:59.581Z] > git config --get commit.template [1ms]
[2022-02-16T06:40:01.621Z] > git ls-files --stage -- /home/abdiweli/java script/index.html [1ms]
[2022-02-16T06:43:00.634Z] > git fetch [1044ms]
[2022-02-16T06:43:00.724Z] > git symbolic-ref --short HEAD [1ms]
[2022-02-16T06:43:00.728Z] > git for-each-ref --format=%(refname)%00%(upstream:short)%00%(objectname)%00%(upstream:track) refs/heads/master refs/remotes/master [1ms]
[2022-02-16T06:43:00.734Z] > git remote --verbose [1ms]
[2022-02-16T06:43:00.735Z] > git for-each-ref --sort -committerdate --format %(refname) %(objectname) %(*objectname) [4ms]
[2022-02-16T06:43:00.795Z] > git config --get commit.template [2ms]
[2022-02-16T06:43:00.802Z] > git ls-files --stage -- /home/abdiweli/java script/index.html [1ms]
[2022-02-16T06:46:01.563Z] > git fetch [757ms]
[2022-02-16T06:46:01.655Z] > git symbolic-ref --short HEAD [0ms]
[2022-02-16T06:46:01.659Z] > git for-each-ref --format=%(refname)%00%(upstream:short)%00%(objectname)%00%(upstream:track) refs/heads/master refs/remotes/master [1ms]
[2022-02-16T06:46:01.665Z] > git remote --verbose [1ms]
[2022-02-16T06:46:01.665Z] > git for-each-ref --sort -committerdate --format %(refname) %(objectname) %(*objectname) [3ms]
[2022-02-16T06:46:01.729Z] > git config --get commit.template [1ms]
[2022-02-16T06:46:03.722Z] > git ls-files --stage -- /home/abdiweli/java script/index.html [0ms]
[2022-02-16T06:49:02.668Z] > git fetch [929ms]
[2022-02-16T06:49:02.758Z] > git symbolic-ref --short HEAD [1ms]
[2022-02-16T06:49:02.762Z] > git for-each-ref --format=%(refname)%00%(upstream:short)%00%(objectname)%00%(upstream:track) refs/heads/master refs/remotes/master [1ms]
[2022-02-16T06:49:02.768Z] > git remote --verbose [1ms]
[2022-02-16T06:49:02.768Z] > git for-each-ref --sort -committerdate --format %(refname) %(objectname) %(*objectname) [3ms]
[2022-02-16T06:49:02.832Z] > git config --get commit.template [2ms]
[2022-02-16T06:49:04.797Z] > git ls-files --stage -- /home/abdiweli/java script/index.html [0ms]
[2022-02-16T06:52:03.830Z] > git fetch [989ms]
[2022-02-16T06:52:03.923Z] > git symbolic-ref --short HEAD [2ms]
[2022-02-16T06:52:03.926Z] > git for-each-ref --format=%(refname)%00%(upstream:short)%00%(objectname)%00%(upstream:track) refs/heads/master refs/remotes/master [0ms]
[2022-02-16T06:52:03.932Z] > git remote --verbose [1ms]
[2022-02-16T06:52:03.932Z] > git for-each-ref --sort -committerdate --format %(refname) %(objectname) %(*objectname) [3ms]
[2022-02-16T06:52:03.992Z] > git config --get commit.template [1ms]
[2022-02-16T06:52:04.027Z] > git ls-files --stage -- /home/abdiweli/java script/index.html [1ms]
[2022-02-16T06:55:05.018Z] > git fetch [1016ms]
[2022-02-16T06:55:05.109Z] > git symbolic-ref --short HEAD [1ms]
[2022-02-16T06:55:05.113Z] > git for-each-ref --format=%(refname)%00%(upstream:short)%00%(objectname)%00%(upstream:track) refs/heads/master refs/remotes/master [1ms]
[2022-02-16T06:55:05.119Z] > git remote --verbose [1ms]
[2022-02-16T06:55:05.119Z] > git for-each-ref --sort -committerdate --format %(refname) %(objectname) %(*objectname) [3ms]
[2022-02-16T06:55:05.180Z] > git config --get commit.template [1ms]
[2022-02-16T06:55:05.192Z] > git ls-files --stage -- /home/abdiweli/java script/index.html [1ms]
[2022-02-16T06:58:06.273Z] > git fetch [1084ms]
[2022-02-16T06:58:06.364Z] > git symbolic-ref --short HEAD [1ms]
[2022-02-16T06:58:06.368Z] > git for-each-ref --format=%(refname)%00%(upstream:short)%00%(objectname)%00%(upstream:track) refs/heads/master refs/remotes/master [1ms]
[2022-02-16T06:58:06.374Z] > git remote --verbose [1ms]
[2022-02-16T06:58:06.374Z] > git for-each-ref --sort -committerdate --format %(refname) %(objectname) %(*objectname) [3ms]
[2022-02-16T06:58:06.437Z] > git config --get commit.template [1ms]
[2022-02-16T06:58:06.445Z] > git ls-files --stage -- /home/abdiweli/java script/index.html [1ms]
[2022-02-16T07:01:07.636Z] > git ls-files --stage -- /home/abdiweli/java script/index.html [1ms]
[2022-02-16T07:01:09.371Z] > git fetch [2925ms]
[2022-02-16T07:01:09.466Z] > git symbolic-ref --short HEAD [1ms]
[2022-02-16T07:01:09.470Z] > git for-each-ref --format=%(refname)%00%(upstream:short)%00%(objectname)%00%(upstream:track) refs/heads/master refs/remotes/master [0ms]
[2022-02-16T07:01:09.476Z] > git remote --verbose [1ms]
[2022-02-16T07:01:09.476Z] > git for-each-ref --sort -committerdate --format %(refname) %(objectname) %(*objectname) [3ms]
[2022-02-16T07:01:09.538Z] > git config --get commit.template [2ms]
[2022-02-16T07:01:42.794Z] > git ls-files --stage -- /home/abdiweli/java script/readme.md [2ms]
[2022-02-16T07:24:39.095Z] > git ls-files --stage -- /home/abdiweli/java script/readme.md [4ms]
[2022-02-16T07:24:40.540Z] > git fetch [2628ms]
[2022-02-16T07:24:40.647Z] > git symbolic-ref --short HEAD [1ms]
[2022-02-16T07:24:40.651Z] > git for-each-ref --format=%(refname)%00%(upstream:short)%00%(objectname)%00%(upstream:track) refs/heads/master refs/remotes/master [1ms]
[2022-02-16T07:24:40.657Z] > git remote --verbose [1ms]
[2022-02-16T07:24:40.657Z] > git for-each-ref --sort -committerdate --format %(refname) %(objectname) %(*objectname) [3ms]
[2022-02-16T07:24:40.720Z] > git config --get commit.template [1ms]
