[2022-02-08T08:20:10.198Z] Validating found git in: git
[2022-02-08T08:20:10.289Z] Using git 2.25.1 from git
[2022-02-08T08:20:10.308Z] > git rev-parse --git-dir [1ms]
[2022-02-08T08:20:10.310Z] Open repository: /home/abdiweli
[2022-02-08T08:20:10.640Z] > git ls-files --stage -- /home/abdiweli/java script/readme.md [1ms]
[2022-02-08T08:20:10.987Z] > git fetch [672ms]
[2022-02-08T08:20:10.987Z] Auto packing the repository in background for optimum performance.
See "git help gc" for manual housekeeping.
[2022-02-08T08:20:12.919Z] > git ls-files --stage -- /home/abdiweli/java script/readme.md [4ms]
[2022-02-08T08:20:19.254Z] > git ls-files --stage -- /home/abdiweli/java script/index.html [1ms]
[2022-02-08T08:20:30.484Z] > git ls-files --stage -- /home/abdiweli/java script/script.js [1ms]
[2022-02-08T08:20:32.547Z] > git ls-files --stage -- /home/abdiweli/java script/index.html [1ms]
[2022-02-08T08:21:32.799Z] > git ls-files --stage -- /home/abdiweli/java script/script.js [1ms]
[2022-02-08T08:23:35.439Z] > git ls-files --stage -- /home/abdiweli/java script/script.js [1ms]
[2022-02-08T08:23:41.546Z] > git ls-files --stage -- /home/abdiweli/java script/index.html [0ms]
[2022-02-08T08:23:42.207Z] > git ls-files --stage -- /home/abdiweli/java script/readme.md [4ms]
[2022-02-08T08:23:46.287Z] > git ls-files --stage -- /home/abdiweli/java script/index.html [1ms]
[2022-02-08T08:23:47.477Z] > git ls-files --stage -- /home/abdiweli/java script/script.js [0ms]
[2022-02-08T08:23:48.625Z] > git ls-files --stage -- /home/abdiweli/java script/index.html [0ms]
[2022-02-08T08:23:49.317Z] > git ls-files --stage -- /home/abdiweli/java script/readme.md [4ms]
[2022-02-08T08:23:55.300Z] > git ls-files --stage -- /home/abdiweli/java script/script.js [0ms]
[2022-02-08T08:23:57.596Z] > git ls-files --stage -- /home/abdiweli/java script/index.html [0ms]
[2022-02-08T08:23:59.453Z] > git ls-files --stage -- /home/abdiweli/java script/script.js [3ms]
[2022-02-08T08:24:00.418Z] > git ls-files --stage -- /home/abdiweli/java script/index.html [0ms]
[2022-02-08T08:25:01.012Z] > git ls-files --stage -- /home/abdiweli/java script/script.js [0ms]
[2022-02-08T08:54:08.701Z] > git ls-files --stage -- /home/abdiweli/java script/readme.md [2ms]
[2022-02-08T08:54:35.075Z] > git log --format=%H%n%aN%n%aE%n%at%n%ct%n%P%n%B -z -n21 -- /home/abdiweli/java script/readme.md [3ms]
[2022-02-08T08:54:35.075Z] fatal: your current branch 'master' does not have any commits yet
[2022-02-08T08:54:35.076Z] > git log --format=%H%n%aN%n%aE%n%at%n%ct%n%P%n%B -z -n41 -- /home/abdiweli/java script/readme.md [1ms]
[2022-02-08T08:54:35.076Z] fatal: your current branch 'master' does not have any commits yet
[2022-02-08T09:03:23.598Z] > git ls-files --stage -- /home/abdiweli/java script/script.js [1ms]
[2022-02-08T09:15:28.651Z] > git ls-files --stage -- /home/abdiweli/java script/readme.md [5ms]
[2022-02-08T09:18:28.585Z] > git ls-files --stage -- /home/abdiweli/java script/script.js [1ms]
[2022-02-08T09:30:03.833Z] > git ls-files --stage -- /home/abdiweli/java script/readme.md [2ms]
[2022-02-08T09:30:57.840Z] > git ls-files --stage -- /home/abdiweli/java script/script.js [2ms]
[2022-02-08T09:31:05.403Z] > git ls-files --stage -- /home/abdiweli/java script/readme.md [2ms]
[2022-02-08T09:31:20.911Z] > git ls-files --stage -- /home/abdiweli/java script/script.js [3ms]
[2022-02-08T10:46:59.125Z] > git ls-files --stage -- /home/abdiweli/java script/index.html [6ms]
[2022-02-08T10:47:22.080Z] > git ls-files --stage -- /home/abdiweli/java script/script.js [1ms]
[2022-02-08T10:51:58.357Z] > git ls-files --stage -- /home/abdiweli/java script/index.html [2ms]
[2022-02-08T10:52:28.943Z] > git ls-files --stage -- /home/abdiweli/java script/script.js [2ms]
[2022-02-08T10:54:43.749Z] > git ls-files --stage -- /home/abdiweli/java script/script.js [1ms]
[2022-02-08T10:59:47.152Z] > git ls-files --stage -- /home/abdiweli/java script/readme.md [1ms]
[2022-02-08T11:01:14.804Z] > git ls-files --stage -- /home/abdiweli/java script/script.js [2ms]
[2022-02-08T11:03:48.275Z] > git ls-files --stage -- /home/abdiweli/java script/script.js [1ms]
[2022-02-08T12:13:16.984Z] > git ls-files --stage -- /home/abdiweli/java script/index.html [1ms]
[2022-02-08T12:14:13.745Z] > git ls-files --stage -- /home/abdiweli/java script/readme.md [1ms]
[2022-02-08T12:14:18.889Z] > git ls-files --stage -- /home/abdiweli/java script/script.js [2ms]
[2022-02-08T12:14:25.056Z] > git ls-files --stage -- /home/abdiweli/java script/readme.md [4ms]
