[2022-02-06 10:01:30.076] [main] [info] update#setState idle
[2022-02-06 10:01:30.311] [main] [info] ExtensionHostStarterWorker created
[2022-02-06 10:01:31.320] [main] [info] Starting extension host with pid 14541 (fork() took 11 ms).
[2022-02-06 10:01:31.321] [main] [info] ExtensionHostStarterWorker.start() took 14 ms.
[2022-02-06 10:01:31.443] [main] [info] Starting extension host with pid 14561 (fork() took 23 ms).
[2022-02-06 10:01:31.443] [main] [info] ExtensionHostStarterWorker.start() took 30 ms.
[2022-02-06 10:01:31.545] [main] [info] Starting extension host with pid 14583 (fork() took 11 ms).
[2022-02-06 10:01:31.546] [main] [info] ExtensionHostStarterWorker.start() took 37 ms.
[2022-02-06 10:01:34.974] [main] [info] Starting extension host with pid 15069 (fork() took 7 ms).
[2022-02-06 10:01:34.974] [main] [info] ExtensionHostStarterWorker.start() took 23 ms.
[2022-02-06 10:02:00.088] [main] [info] update#setState checking for updates
[2022-02-06 10:02:00.092] [main] [info] update#setState idle
[2022-02-06 11:02:00.149] [main] [info] update#setState checking for updates
[2022-02-06 11:02:00.153] [main] [info] update#setState idle
[2022-02-06 12:02:00.181] [main] [info] update#setState checking for updates
[2022-02-06 12:02:00.184] [main] [info] update#setState idle
[2022-02-06 13:02:00.282] [main] [info] update#setState checking for updates
[2022-02-06 13:02:00.285] [main] [info] update#setState idle
[2022-02-06 14:02:00.383] [main] [info] update#setState checking for updates
[2022-02-06 14:02:00.386] [main] [info] update#setState idle
[2022-02-06 14:11:53.451] [main] [info] Extension host with pid 14561 exited with code: 0, signal: null.
[2022-02-06 14:11:54.356] [main] [info] Starting extension host with pid 23095 (fork() took 5 ms).
[2022-02-06 14:11:54.357] [main] [info] ExtensionHostStarterWorker.start() took 19 ms.
[2022-02-06 14:17:11.448] [main] [info] Extension host with pid 23095 exited with code: 0, signal: null.
[2022-02-06 14:20:07.809] [main] [info] Extension host with pid 15069 exited with code: 0, signal: null.
[2022-02-06 14:20:08.486] [main] [info] Starting extension host with pid 24148 (fork() took 6 ms).
[2022-02-06 14:20:08.486] [main] [info] ExtensionHostStarterWorker.start() took 8 ms.
[2022-02-06 15:02:00.492] [main] [info] update#setState checking for updates
[2022-02-06 15:02:00.496] [main] [info] update#setState idle
[2022-02-06 15:06:28.390] [main] [info] Starting extension host with pid 31531 (fork() took 5 ms).
[2022-02-06 15:06:28.390] [main] [info] ExtensionHostStarterWorker.start() took 24 ms.
[2022-02-06 15:15:45.293] [main] [info] Extension host with pid 14541 exited with code: 0, signal: null.
[2022-02-06 16:02:00.551] [main] [info] update#setState checking for updates
[2022-02-06 16:02:00.554] [main] [info] update#setState idle
[2022-02-06 17:02:00.652] [main] [info] update#setState checking for updates
[2022-02-06 17:02:00.656] [main] [info] update#setState idle
[2022-02-06 18:02:00.719] [main] [info] update#setState checking for updates
[2022-02-06 18:02:00.724] [main] [info] update#setState idle
[2022-02-06 19:02:00.790] [main] [info] update#setState checking for updates
[2022-02-06 19:02:00.794] [main] [info] update#setState idle
[2022-02-06 20:02:00.891] [main] [info] update#setState checking for updates
[2022-02-06 20:02:00.894] [main] [info] update#setState idle
[2022-02-06 21:02:00.971] [main] [info] update#setState checking for updates
[2022-02-06 21:02:00.974] [main] [info] update#setState idle
[2022-02-06 22:02:01.073] [main] [info] update#setState checking for updates
[2022-02-06 22:02:01.076] [main] [info] update#setState idle
[2022-02-06 23:02:01.174] [main] [info] update#setState checking for updates
[2022-02-06 23:02:01.177] [main] [info] update#setState idle
[2022-02-07 00:02:01.191] [main] [info] update#setState checking for updates
[2022-02-07 00:02:01.194] [main] [info] update#setState idle
[2022-02-07 01:02:01.239] [main] [info] update#setState checking for updates
[2022-02-07 01:02:01.242] [main] [info] update#setState idle
[2022-02-07 02:02:01.270] [main] [info] update#setState checking for updates
[2022-02-07 02:02:01.272] [main] [info] update#setState idle
[2022-02-07 03:02:01.327] [main] [info] update#setState checking for updates
[2022-02-07 03:02:01.330] [main] [info] update#setState idle
[2022-02-07 04:02:01.361] [main] [info] update#setState checking for updates
[2022-02-07 04:02:01.364] [main] [info] update#setState idle
[2022-02-07 05:02:01.462] [main] [info] update#setState checking for updates
[2022-02-07 05:02:01.465] [main] [info] update#setState idle
[2022-02-07 06:02:01.563] [main] [info] update#setState checking for updates
[2022-02-07 06:02:01.566] [main] [info] update#setState idle
[2022-02-07 07:02:01.664] [main] [info] update#setState checking for updates
[2022-02-07 07:02:01.668] [main] [info] update#setState idle
[2022-02-07 08:02:01.755] [main] [info] update#setState checking for updates
[2022-02-07 08:02:01.758] [main] [info] update#setState idle
[2022-02-07 09:02:01.855] [main] [info] update#setState checking for updates
[2022-02-07 09:02:01.858] [main] [info] update#setState idle
[2022-02-07 10:02:01.957] [main] [info] update#setState checking for updates
[2022-02-07 10:02:01.961] [main] [info] update#setState idle
[2022-02-07 11:02:02.012] [main] [info] update#setState checking for updates
[2022-02-07 11:02:02.015] [main] [info] update#setState idle
[2022-02-07 12:02:02.036] [main] [info] update#setState checking for updates
[2022-02-07 12:02:02.037] [main] [info] update#setState idle
[2022-02-07 13:02:02.072] [main] [info] update#setState checking for updates
[2022-02-07 13:02:02.075] [main] [info] update#setState idle
[2022-02-07 14:02:02.172] [main] [info] update#setState checking for updates
[2022-02-07 14:02:02.175] [main] [info] update#setState idle
[2022-02-07 15:02:02.270] [main] [info] update#setState checking for updates
[2022-02-07 15:02:02.274] [main] [info] update#setState idle
[2022-02-07 16:02:02.371] [main] [info] update#setState checking for updates
[2022-02-07 16:02:02.376] [main] [info] update#setState idle
[2022-02-07 17:02:02.471] [main] [info] update#setState checking for updates
[2022-02-07 17:02:02.475] [main] [info] update#setState idle
[2022-02-07 18:02:02.479] [main] [info] update#setState checking for updates
[2022-02-07 18:02:02.482] [main] [info] update#setState idle
[2022-02-07 19:02:02.569] [main] [info] update#setState checking for updates
[2022-02-07 19:02:02.572] [main] [info] update#setState idle
