[2022-02-21T11:06:45.543Z] Validating found git in: git
[2022-02-21T11:06:45.564Z] Using git 2.25.1 from git
[2022-02-21T11:06:45.601Z] > git rev-parse --git-dir [22ms]
[2022-02-21T11:06:45.603Z] Open repository: /home/abdiweli
[2022-02-21T11:06:46.495Z] > git fetch [888ms]
[2022-02-21T11:06:56.532Z] > git ls-files --stage -- /home/abdiweli/Downloads/Travel Project/index.html [29ms]
[2022-02-21T11:06:59.428Z] > git symbolic-ref --short HEAD [2ms]
[2022-02-21T11:06:59.433Z] > git for-each-ref --format=%(refname)%00%(upstream:short)%00%(objectname)%00%(upstream:track) refs/heads/master refs/remotes/master [1ms]
[2022-02-21T11:06:59.443Z] > git for-each-ref --sort -committerdate --format %(refname) %(objectname) %(*objectname) [5ms]
[2022-02-21T11:06:59.443Z] > git remote --verbose [2ms]
[2022-02-21T11:06:59.547Z] > git config --get commit.template [1ms]
[2022-02-21T11:07:00.668Z] > git symbolic-ref --short HEAD [1ms]
[2022-02-21T11:07:00.673Z] > git for-each-ref --format=%(refname)%00%(upstream:short)%00%(objectname)%00%(upstream:track) refs/heads/master refs/remotes/master [1ms]
[2022-02-21T11:07:00.680Z] > git for-each-ref --sort -committerdate --format %(refname) %(objectname) %(*objectname) [4ms]
[2022-02-21T11:07:00.681Z] > git remote --verbose [1ms]
[2022-02-21T11:07:00.752Z] > git config --get commit.template [2ms]
[2022-02-21T11:10:01.610Z] > git fetch [850ms]
[2022-02-21T11:10:01.699Z] > git symbolic-ref --short HEAD [2ms]
[2022-02-21T11:10:01.703Z] > git for-each-ref --format=%(refname)%00%(upstream:short)%00%(objectname)%00%(upstream:track) refs/heads/master refs/remotes/master [1ms]
[2022-02-21T11:10:01.709Z] > git for-each-ref --sort -committerdate --format %(refname) %(objectname) %(*objectname) [3ms]
[2022-02-21T11:10:01.710Z] > git remote --verbose [1ms]
[2022-02-21T11:10:01.822Z] > git config --get commit.template [1ms]
[2022-02-21T11:10:03.891Z] > git ls-files --stage -- /home/abdiweli/Downloads/Travel Project/index.html [3ms]
[2022-02-21T11:10:15.063Z] > git ls-files --stage -- /home/abdiweli/Downloads/Travel Project/style.css [1ms]
[2022-02-21T11:10:16.949Z] > git ls-files --stage -- /home/abdiweli/Downloads/Travel Project/app.js [1ms]
[2022-02-21T11:14:05.641Z] > git ls-files --stage -- /home/abdiweli/Downloads/Travel Project/app.js [2ms]
