[2022-02-08 11:19:26.877] [main] [info] update#setState idle
[2022-02-08 11:19:27.134] [main] [info] ExtensionHostStarterWorker created
[2022-02-08 11:19:28.378] [main] [info] Starting extension host with pid 6544 (fork() took 8 ms).
[2022-02-08 11:19:28.379] [main] [info] ExtensionHostStarterWorker.start() took 16 ms.
[2022-02-08 11:19:28.443] [main] [info] Starting extension host with pid 6551 (fork() took 17 ms).
[2022-02-08 11:19:28.443] [main] [info] ExtensionHostStarterWorker.start() took 40 ms.
[2022-02-08 11:19:28.472] [main] [info] Starting extension host with pid 6560 (fork() took 12 ms).
[2022-02-08 11:19:28.473] [main] [info] ExtensionHostStarterWorker.start() took 15 ms.
[2022-02-08 11:19:40.189] [main] [info] Extension host with pid 6551 exited with code: 0, signal: null.
[2022-02-08 11:19:40.797] [main] [info] Starting extension host with pid 6837 (fork() took 5 ms).
[2022-02-08 11:19:40.798] [main] [info] ExtensionHostStarterWorker.start() took 20 ms.
[2022-02-08 11:19:56.882] [main] [info] update#setState checking for updates
[2022-02-08 11:19:56.886] [main] [info] update#setState idle
[2022-02-08 11:20:08.822] [main] [info] Extension host with pid 6837 exited with code: 0, signal: null.
[2022-02-08 11:20:09.525] [main] [info] Starting extension host with pid 6945 (fork() took 4 ms).
[2022-02-08 11:20:09.525] [main] [info] ExtensionHostStarterWorker.start() took 4 ms.
[2022-02-08 12:19:56.885] [main] [info] update#setState checking for updates
[2022-02-08 12:19:56.889] [main] [info] update#setState idle
[2022-02-08 13:19:56.993] [main] [info] update#setState checking for updates
[2022-02-08 13:19:57.001] [main] [info] update#setState idle
[2022-02-08 14:19:57.098] [main] [info] update#setState checking for updates
[2022-02-08 14:19:57.101] [main] [info] update#setState idle
[2022-02-08 15:19:57.136] [main] [info] update#setState checking for updates
[2022-02-08 15:19:57.139] [main] [info] update#setState idle
[2022-02-08 16:19:57.178] [main] [info] update#setState checking for updates
[2022-02-08 16:19:57.181] [main] [info] update#setState idle
[2022-02-08 17:19:57.186] [main] [info] update#setState checking for updates
[2022-02-08 17:19:57.190] [main] [info] update#setState idle
[2022-02-08 18:19:57.194] [main] [info] update#setState checking for updates
[2022-02-08 18:19:57.198] [main] [info] update#setState idle
[2022-02-08 19:19:57.296] [main] [info] update#setState checking for updates
[2022-02-08 19:19:57.298] [main] [info] update#setState idle
[2022-02-08 20:19:57.377] [main] [info] update#setState checking for updates
[2022-02-08 20:19:57.379] [main] [info] update#setState idle
[2022-02-08 21:19:57.418] [main] [info] update#setState checking for updates
[2022-02-08 21:19:57.421] [main] [info] update#setState idle
