[2022-02-08T08:19:29.649Z] Validating found git in: git
[2022-02-08T08:19:29.697Z] Using git 2.25.1 from git
[2022-02-08T08:19:29.768Z] > git rev-parse --git-dir [3ms]
[2022-02-08T08:19:29.771Z] Open repository: /home/abdiweli
[2022-02-08T08:19:30.105Z] > git ls-files --stage -- /home/abdiweli/Desktop/app/index.html [14ms]
[2022-02-08T08:23:06.074Z] > git ls-files --stage -- /home/abdiweli/Desktop/app/index.html [2ms]
[2022-02-08T08:23:22.777Z] > git symbolic-ref --short HEAD [1ms]
[2022-02-08T08:23:22.784Z] > git for-each-ref --format=%(refname)%00%(upstream:short)%00%(objectname)%00%(upstream:track) refs/heads/master refs/remotes/master [2ms]
[2022-02-08T08:23:22.795Z] > git for-each-ref --sort -committerdate --format %(refname) %(objectname) %(*objectname) [6ms]
[2022-02-08T08:23:22.795Z] > git remote --verbose [2ms]
[2022-02-08T08:23:22.904Z] > git config --get commit.template [1ms]
[2022-02-08T08:23:23.988Z] > git fetch [1080ms]
[2022-02-08T08:23:24.089Z] > git symbolic-ref --short HEAD [1ms]
[2022-02-08T08:23:24.093Z] > git for-each-ref --format=%(refname)%00%(upstream:short)%00%(objectname)%00%(upstream:track) refs/heads/master refs/remotes/master [0ms]
[2022-02-08T08:23:24.100Z] > git for-each-ref --sort -committerdate --format %(refname) %(objectname) %(*objectname) [3ms]
[2022-02-08T08:23:24.100Z] > git remote --verbose [0ms]
[2022-02-08T08:23:24.169Z] > git config --get commit.template [0ms]
[2022-02-08T08:23:26.310Z] > git ls-files --stage -- /home/abdiweli/Desktop/app/index.html [1ms]
[2022-02-08T11:03:10.369Z] > git fetch [832ms]
[2022-02-08T11:03:10.781Z] > git ls-files --stage -- /home/abdiweli/Desktop/app/index.html [3ms]
[2022-02-08T11:03:11.658Z] > git symbolic-ref --short HEAD [3ms]
[2022-02-08T11:03:11.666Z] > git for-each-ref --format=%(refname)%00%(upstream:short)%00%(objectname)%00%(upstream:track) refs/heads/master refs/remotes/master [1ms]
[2022-02-08T11:03:11.684Z] > git remote --verbose [12ms]
[2022-02-08T11:03:11.685Z] > git for-each-ref --sort -committerdate --format %(refname) %(objectname) %(*objectname) [15ms]
[2022-02-08T11:03:13.963Z] > git config --get commit.template [16ms]
