[2022-02-21 09:05:10.385] [exthost] [info] Extension host with pid 6608 started
[2022-02-21 09:05:10.417] [exthost] [info] ExtensionService#_doActivateExtension vscode.microsoft-authentication, startup: false, activationEvent: 'onAuthenticationRequest:microsoft'
[2022-02-21 09:05:10.434] [exthost] [info] ExtensionService#_doActivateExtension vscode.debug-auto-launch, startup: true, activationEvent: '*'
[2022-02-21 09:05:10.436] [exthost] [info] ExtensionService#_doActivateExtension vscode.git-base, startup: true, activationEvent: '*', root cause: vscode.github
[2022-02-21 09:05:10.439] [exthost] [info] ExtensionService#_doActivateExtension Equinusocio.vsc-material-theme, startup: true, activationEvent: '*'
[2022-02-21 09:05:10.452] [exthost] [info] ExtensionService#_doActivateExtension equinusocio.vsc-material-theme-icons, startup: true, activationEvent: '*'
[2022-02-21 09:05:10.514] [exthost] [info] ExtensionService#_doActivateExtension mcright.auto-save, startup: true, activationEvent: '*'
[2022-02-21 09:05:10.544] [exthost] [info] ExtensionService#_doActivateExtension vscode.git, startup: false, activationEvent: '*'
[2022-02-21 09:05:10.572] [exthost] [info] ExtensionService#_doActivateExtension vscode.github, startup: false, activationEvent: '*'
[2022-02-21 09:05:10.604] [exthost] [info] ExtensionService#_doActivateExtension vscode.github-authentication, startup: false, activationEvent: 'onAuthenticationRequest:github'
[2022-02-21 09:05:10.729] [exthost] [info] Eager extensions activated
[2022-02-21 09:05:10.795] [exthost] [info] ExtensionService#_doActivateExtension vscode.emmet, startup: false, activationEvent: 'onStartupFinished'
[2022-02-21 09:05:10.815] [exthost] [info] ExtensionService#_doActivateExtension vscode.merge-conflict, startup: false, activationEvent: 'onStartupFinished'
[2022-02-21 09:05:10.824] [exthost] [info] ExtensionService#_doActivateExtension PKief.material-icon-theme, startup: false, activationEvent: 'onStartupFinished'
[2022-02-21 13:10:56.372] [exthost] [info] extension host terminating: renderer closed the socket
[2022-02-21 13:10:56.545] [exthost] [info] Extension host with pid 6608 exiting with code 0
[2022-02-21 13:10:57.797] [exthost] [info] Extension host with pid 22418 started
[2022-02-21 13:10:57.797] [exthost] [info] Skipping acquiring lock for /home/abdiweli/.config/Code/User/workspaceStorage/725095ef9c5eec02c503eb2da3b5fa34.
[2022-02-21 13:10:57.834] [exthost] [info] ExtensionService#_doActivateExtension vscode.typescript-language-features, startup: false, activationEvent: 'onLanguage:javascript'
[2022-02-21 13:10:57.846] [exthost] [info] ExtensionService#_doActivateExtension ritwickdey.LiveServer, startup: false, activationEvent: 'onLanguage:javascript'
[2022-02-21 13:10:58.071] [exthost] [info] ExtensionService#_doActivateExtension vscode.microsoft-authentication, startup: false, activationEvent: 'onAuthenticationRequest:microsoft'
[2022-02-21 13:10:58.082] [exthost] [info] ExtensionService#_doActivateExtension vscode.debug-auto-launch, startup: true, activationEvent: '*'
[2022-02-21 13:10:58.084] [exthost] [info] ExtensionService#_doActivateExtension vscode.git-base, startup: true, activationEvent: '*', root cause: vscode.github
[2022-02-21 13:10:58.086] [exthost] [info] ExtensionService#_doActivateExtension Equinusocio.vsc-material-theme, startup: true, activationEvent: '*'
[2022-02-21 13:10:58.098] [exthost] [info] ExtensionService#_doActivateExtension equinusocio.vsc-material-theme-icons, startup: true, activationEvent: '*'
[2022-02-21 13:10:58.184] [exthost] [info] ExtensionService#_doActivateExtension mcright.auto-save, startup: true, activationEvent: '*'
[2022-02-21 13:10:58.262] [exthost] [info] ExtensionService#_doActivateExtension vscode.git, startup: false, activationEvent: '*'
[2022-02-21 13:10:58.285] [exthost] [info] ExtensionService#_doActivateExtension vscode.github, startup: false, activationEvent: '*'
[2022-02-21 13:10:58.332] [exthost] [info] ExtensionService#_doActivateExtension vscode.github-authentication, startup: false, activationEvent: 'onAuthenticationRequest:github'
[2022-02-21 13:10:58.361] [exthost] [info] Eager extensions activated
[2022-02-21 13:10:58.372] [exthost] [info] ExtensionService#_doActivateExtension vscode.emmet, startup: false, activationEvent: 'onStartupFinished'
[2022-02-21 13:10:58.395] [exthost] [info] ExtensionService#_doActivateExtension vscode.merge-conflict, startup: false, activationEvent: 'onStartupFinished'
[2022-02-21 13:10:58.397] [exthost] [info] ExtensionService#_doActivateExtension PKief.material-icon-theme, startup: false, activationEvent: 'onStartupFinished'
[2022-02-21 13:10:59.048] [exthost] [info] ExtensionService#_doActivateExtension vscode.extension-editing, startup: false, activationEvent: 'onLanguage:markdown'
[2022-02-21 13:10:59.055] [exthost] [info] ExtensionService#_doActivateExtension vscode.markdown-language-features, startup: false, activationEvent: 'onLanguage:markdown'
[2022-02-21 13:10:59.300] [exthost] [info] ExtensionService#_doActivateExtension vscode.markdown-math, startup: false, activationEvent: 'api', root cause: vscode.markdown-language-features
[2022-02-21 13:11:02.205] [exthost] [warning] [Decorations] CAPPING events from decorations provider vscode.git 10000
[2022-02-21 13:11:03.432] [exthost] [warning] [Decorations] CAPPING events from decorations provider vscode.git 10000
[2022-02-21 13:29:30.735] [exthost] [warning] [Decorations] CAPPING events from decorations provider vscode.git 10799
[2022-02-21 13:35:39.409] [exthost] [warning] [Decorations] CAPPING events from decorations provider vscode.git 10575
[2022-02-21 13:35:47.992] [exthost] [info] extension host terminating: renderer closed the socket
[2022-02-21 13:35:48.010] [exthost] [info] Extension host with pid 22418 exiting with code 0
[2022-02-21 13:35:49.991] [exthost] [info] Extension host with pid 24715 started
[2022-02-21 13:35:49.991] [exthost] [info] Skipping acquiring lock for /home/abdiweli/.config/Code/User/workspaceStorage/d90e80f9576cf9437bd36a357acc5357.
[2022-02-21 13:35:50.071] [exthost] [info] ExtensionService#_doActivateExtension vscode.microsoft-authentication, startup: false, activationEvent: 'onAuthenticationRequest:microsoft'
[2022-02-21 13:35:50.084] [exthost] [info] ExtensionService#_doActivateExtension vscode.debug-auto-launch, startup: true, activationEvent: '*'
[2022-02-21 13:35:50.088] [exthost] [info] ExtensionService#_doActivateExtension vscode.git-base, startup: true, activationEvent: '*', root cause: vscode.github
[2022-02-21 13:35:50.103] [exthost] [info] ExtensionService#_doActivateExtension vscode.github, startup: true, activationEvent: '*'
[2022-02-21 13:35:50.110] [exthost] [info] Eager extensions activated
[2022-02-21 13:35:50.115] [exthost] [info] ExtensionService#_doActivateExtension vscode.emmet, startup: false, activationEvent: 'onStartupFinished'
[2022-02-21 13:35:50.120] [exthost] [info] ExtensionService#_doActivateExtension vscode.merge-conflict, startup: false, activationEvent: 'onStartupFinished'
[2022-02-21 13:35:50.122] [exthost] [info] ExtensionService#_doActivateExtension PKief.material-icon-theme, startup: false, activationEvent: 'onStartupFinished'
[2022-02-21 13:35:50.144] [exthost] [info] ExtensionService#_doActivateExtension vscode.github-authentication, startup: false, activationEvent: 'onAuthenticationRequest:github'
[2022-02-21 13:35:51.217] [exthost] [info] ExtensionService#_doActivateExtension vscode.git, startup: false, activationEvent: 'api', root cause: vscode.github
[2022-02-21 13:35:51.236] [exthost] [info] ExtensionService#_doActivateExtension Equinusocio.vsc-material-theme, startup: false, activationEvent: '*'
[2022-02-21 13:35:51.245] [exthost] [info] ExtensionService#_doActivateExtension equinusocio.vsc-material-theme-icons, startup: false, activationEvent: '*'
[2022-02-21 13:35:51.308] [exthost] [info] ExtensionService#_doActivateExtension mcright.auto-save, startup: false, activationEvent: '*'
[2022-02-21 13:35:59.346] [exthost] [info] ExtensionService#_doActivateExtension vscode.image-preview, startup: false, activationEvent: 'onCustomEditor:imagePreview.previewEditor'
[2022-02-21 13:36:57.452] [exthost] [info] ExtensionService#_doActivateExtension ecmel.vscode-html-css, startup: false, activationEvent: '*'
[2022-02-21 13:37:11.798] [exthost] [info] ExtensionService#_doActivateExtension vscode.html-language-features, startup: false, activationEvent: 'onLanguage:html'
[2022-02-21 13:37:11.818] [exthost] [info] ExtensionService#_doActivateExtension ritwickdey.LiveServer, startup: false, activationEvent: 'onLanguage:html'
[2022-02-21 13:37:19.101] [exthost] [info] ExtensionService#_doActivateExtension vscode.css-language-features, startup: false, activationEvent: 'onLanguage:css'
[2022-02-21 13:37:26.164] [exthost] [info] ExtensionService#_doActivateExtension vscode.typescript-language-features, startup: false, activationEvent: 'onLanguage:javascript'
[2022-02-21 13:39:41.329] [exthost] [error] [ecmel.vscode-html-css] provider FAILED
[2022-02-21 13:39:41.344] [exthost] [error] undefined
[2022-02-21 13:39:45.375] [exthost] [error] [ecmel.vscode-html-css] provider FAILED
[2022-02-21 13:39:45.375] [exthost] [error] undefined
[2022-02-21 13:39:57.752] [exthost] [error] [ecmel.vscode-html-css] provider FAILED
[2022-02-21 13:39:57.774] [exthost] [error] undefined
[2022-02-21 13:40:00.359] [exthost] [error] [ecmel.vscode-html-css] provider FAILED
[2022-02-21 13:40:00.359] [exthost] [error] undefined
[2022-02-21 13:40:00.593] [exthost] [error] [ecmel.vscode-html-css] provider FAILED
[2022-02-21 13:40:00.593] [exthost] [error] undefined
[2022-02-21 13:40:00.793] [exthost] [error] [ecmel.vscode-html-css] provider FAILED
[2022-02-21 13:40:00.793] [exthost] [error] undefined
[2022-02-21 13:40:01.017] [exthost] [error] [ecmel.vscode-html-css] provider FAILED
[2022-02-21 13:40:01.017] [exthost] [error] undefined
[2022-02-21 13:40:01.973] [exthost] [error] [ecmel.vscode-html-css] provider FAILED
[2022-02-21 13:40:01.973] [exthost] [error] undefined
