[2022-02-21 13:45:52.619] [renderer3] [info] IExtensionHostStarter.start() took 24 ms.
[2022-02-21 13:45:52.935] [renderer3] [error] [Extension Host] (node:3124) [DEP0005] DeprecationWarning: Buffer() is deprecated due to security and usability issues. Please use the Buffer.alloc(), Buffer.allocUnsafe(), or Buffer.from() methods instead.
(Use `code --trace-deprecation ...` to show where the warning was created)
[2022-02-21 13:46:08.441] [renderer3] [error] An unknown error occurred. Please consult the log for more details.
[2022-02-21 13:46:46.878] [renderer3] [error] An unknown error occurred. Please consult the log for more details.
[2022-02-21 13:46:50.417] [renderer3] [error] An unknown error occurred. Please consult the log for more details.
[2022-02-21 13:46:51.488] [renderer3] [error] An unknown error occurred. Please consult the log for more details.
[2022-02-21 13:46:52.937] [renderer3] [error] An unknown error occurred. Please consult the log for more details.
[2022-02-21 13:46:54.042] [renderer3] [error] An unknown error occurred. Please consult the log for more details.
[2022-02-21 13:46:55.344] [renderer3] [error] An unknown error occurred. Please consult the log for more details.
[2022-02-21 13:46:56.965] [renderer3] [error] An unknown error occurred. Please consult the log for more details.
[2022-02-21 13:47:00.091] [renderer3] [error] An unknown error occurred. Please consult the log for more details.
[2022-02-21 13:47:11.827] [renderer3] [error] An unknown error occurred. Please consult the log for more details.
[2022-02-21 13:47:28.548] [renderer3] [error] An unknown error occurred. Please consult the log for more details.
[2022-02-21 13:47:30.902] [renderer3] [error] An unknown error occurred. Please consult the log for more details.
[2022-02-21 13:47:32.051] [renderer3] [error] An unknown error occurred. Please consult the log for more details.
[2022-02-21 13:51:08.752] [renderer3] [error] An unknown error occurred. Please consult the log for more details.
[2022-02-21 13:51:17.600] [renderer3] [error] An unknown error occurred. Please consult the log for more details.
[2022-02-21 13:51:35.473] [renderer3] [error] An unknown error occurred. Please consult the log for more details.
[2022-02-21 13:51:37.549] [renderer3] [error] An unknown error occurred. Please consult the log for more details.
[2022-02-21 13:51:39.143] [renderer3] [error] An unknown error occurred. Please consult the log for more details.
[2022-02-21 13:51:55.596] [renderer3] [error] An unknown error occurred. Please consult the log for more details.
[2022-02-21 13:52:07.340] [renderer3] [error] An unknown error occurred. Please consult the log for more details.
[2022-02-21 13:52:10.213] [renderer3] [error] An unknown error occurred. Please consult the log for more details.
[2022-02-21 13:52:11.850] [renderer3] [error] An unknown error occurred. Please consult the log for more details.
[2022-02-21 13:59:37.184] [renderer3] [error] Failed to execute git
[2022-02-21 14:02:37.538] [renderer3] [error] An unknown error occurred. Please consult the log for more details.
[2022-02-21 14:02:39.403] [renderer3] [error] An unknown error occurred. Please consult the log for more details.
